2023-05-04 16:41:14,286 [INFO] Activator:176 - 


2023-05-04 16:41:14,296 [INFO] Activator:177 - !SESSION log4j initialized
2023-05-04 16:41:22,746 [INFO] LogOutputStream:77 - [STDOUT_REDIRECT] 
2023-05-04 16:41:46,127 [ERROR] LogOutputStream:75 - [STDERR_REDIRECT] SLF4J: Failed to load class "org.slf4j.impl.StaticLoggerBinder".
2023-05-04 16:41:46,127 [ERROR] LogOutputStream:75 - [STDERR_REDIRECT] SLF4J: Defaulting to no-operation (NOP) logger implementation
2023-05-04 16:41:46,127 [ERROR] LogOutputStream:75 - [STDERR_REDIRECT] SLF4J: See http://www.slf4j.org/codes.html#StaticLoggerBinder for further details.
2023-05-04 16:42:08,779 [INFO] ApplicationProperties:184 - Using Application install path: C:\ST\STM32CubeIDE_1.12.0\STM32CubeIDE\plugins\com.st.stm32cube.common.mx_6.8.0.202302231600
2023-05-04 16:42:08,815 [INFO] DbMcusXml:78 - Set database path to: C:\ST\STM32CubeIDE_1.12.0\STM32CubeIDE\plugins\com.st.stm32cube.common.mx_6.8.0.202302231600\\db\/mcu/
2023-05-04 16:42:08,815 [INFO] ApiDb:274 - Set plugin database path to: C:\ST\STM32CubeIDE_1.12.0\STM32CubeIDE\plugins\com.st.stm32cube.common.mx_6.8.0.202302231600\\db\/plugins/boardmanager/
2023-05-04 16:42:08,818 [WARN] ApiDb:259 - Overriding images path with different value:  => C:\ST\STM32CubeIDE_1.12.0\STM32CubeIDE\plugins\com.st.stm32cube.common.mx_6.8.0.202302231600\\db\/plugins/mcufinder/images/
2023-05-04 16:42:08,845 [INFO] ApiDb:250 - Set database path to: C:\Users\Hello\.stmcufinder\plugins\mcufinder//mcu/
2023-05-04 16:42:08,848 [INFO] DbMcusAds:125 - Set database path to: C:\Users\Hello\.stmcufinder\plugins\mcufinder//mcu/
2023-05-04 16:42:08,860 [INFO] CrossReferenceDbSqlite:203 - Set database path to: C:\Users\Hello\.stmcufinder\plugins\mcufinder//mcu/cs/
2023-05-04 16:42:08,997 [INFO] RulesReader:64 - Compatibility file has been processed (293 Rules)
2023-05-04 16:42:09,149 [INFO] DbMcusXml:78 - Set database path to: C:\ST\STM32CubeIDE_1.12.0\STM32CubeIDE\plugins\com.st.stm32cube.common.mx_6.8.0.202302231600\\db\/mcu/
2023-05-04 16:42:09,149 [INFO] ApiDb:274 - Set plugin database path to: C:\ST\STM32CubeIDE_1.12.0\STM32CubeIDE\plugins\com.st.stm32cube.common.mx_6.8.0.202302231600\\db\/plugins/boardmanager/
2023-05-04 16:42:09,149 [INFO] ApiDb:261 - Set plugin images path to: C:\ST\STM32CubeIDE_1.12.0\STM32CubeIDE\plugins\com.st.stm32cube.common.mx_6.8.0.202302231600\\db\/plugins/mcufinder/images/
2023-05-04 16:42:09,149 [WARN] DbFile:41 - Overriding database path with different value: C:\Users\Hello\.stmcufinder\plugins\mcufinder/ => C:\Users\Hello\.stmcufinder\plugins\mcufinder
2023-05-04 16:42:09,149 [INFO] ApiDb:250 - Set database path to: C:\Users\Hello\.stmcufinder\plugins\mcufinder//mcu/
2023-05-04 16:42:09,149 [WARN] DbFile:41 - Overriding database path with different value: C:\Users\Hello\.stmcufinder\plugins\mcufinder/ => C:\Users\Hello\.stmcufinder\plugins\mcufinder
2023-05-04 16:42:09,149 [INFO] DbMcusAds:125 - Set database path to: C:\Users\Hello\.stmcufinder\plugins\mcufinder//mcu/
2023-05-04 16:42:09,149 [WARN] DbFile:41 - Overriding database path with different value: C:\Users\Hello\.stmcufinder\plugins\mcufinder/ => C:\Users\Hello\.stmcufinder\plugins\mcufinder
2023-05-04 16:42:09,149 [WARN] DbFile:41 - Overriding database path with different value: C:\Users\Hello\.stmcufinder\plugins\mcufinder/ => C:\Users\Hello\.stmcufinder\plugins\mcufinder
2023-05-04 16:42:09,149 [INFO] CrossReferenceDbSqlite:203 - Set database path to: C:\Users\Hello\.stmcufinder\plugins\mcufinder//mcu/cs/
2023-05-04 16:42:09,268 [INFO] MainPanel:253 - HeapMemory: 273678336
2023-05-04 16:42:09,428 [INFO] DbMcusXml:78 - Set database path to: C:\ST\STM32CubeIDE_1.12.0\STM32CubeIDE\plugins\com.st.stm32cube.common.mx_6.8.0.202302231600\\db\/mcu/
2023-05-04 16:42:09,428 [INFO] ApiDb:274 - Set plugin database path to: C:\ST\STM32CubeIDE_1.12.0\STM32CubeIDE\plugins\com.st.stm32cube.common.mx_6.8.0.202302231600\\db\/plugins/boardmanager/
2023-05-04 16:42:09,428 [INFO] ApiDb:261 - Set plugin images path to: C:\ST\STM32CubeIDE_1.12.0\STM32CubeIDE\plugins\com.st.stm32cube.common.mx_6.8.0.202302231600\\db\/plugins/mcufinder/images/
2023-05-04 16:42:09,428 [WARN] DbFile:41 - Overriding database path with different value: C:\Users\Hello\.stmcufinder\plugins\mcufinder/ => C:\Users\Hello\.stmcufinder\plugins\mcufinder
2023-05-04 16:42:09,428 [INFO] ApiDb:250 - Set database path to: C:\Users\Hello\.stmcufinder\plugins\mcufinder//mcu/
2023-05-04 16:42:09,428 [WARN] DbFile:41 - Overriding database path with different value: C:\Users\Hello\.stmcufinder\plugins\mcufinder/ => C:\Users\Hello\.stmcufinder\plugins\mcufinder
2023-05-04 16:42:09,428 [INFO] DbMcusAds:125 - Set database path to: C:\Users\Hello\.stmcufinder\plugins\mcufinder//mcu/
2023-05-04 16:42:09,428 [WARN] DbFile:41 - Overriding database path with different value: C:\Users\Hello\.stmcufinder\plugins\mcufinder/ => C:\Users\Hello\.stmcufinder\plugins\mcufinder
2023-05-04 16:42:09,431 [WARN] DbFile:41 - Overriding database path with different value: C:\Users\Hello\.stmcufinder\plugins\mcufinder/ => C:\Users\Hello\.stmcufinder\plugins\mcufinder
2023-05-04 16:42:09,431 [INFO] CrossReferenceDbSqlite:203 - Set database path to: C:\Users\Hello\.stmcufinder\plugins\mcufinder//mcu/cs/
2023-05-04 16:42:09,450 [INFO] ApplicationProperties:184 - Using Application install path: C:\ST\STM32CubeIDE_1.12.0\STM32CubeIDE\plugins\com.st.stm32cube.common.mx_6.8.0.202302231600
2023-05-04 16:42:09,450 [INFO] PluginManage:196 - Search for loadable plugins [exclusion list=, ]
2023-05-04 16:42:09,458 [INFO] PluginManage:310 - Check plugin analytics
2023-05-04 16:42:09,655 [INFO] AnalyticsPlugin:253 - Accepted Software Licenses: 
2023-05-04 16:42:09,655 [INFO] AnalyticsPlugin:255 - Accepted CMSIS Pack Licenses: 
2023-05-04 16:42:09,657 [INFO] AnalyticsPlugin:257 - Accepted Firmware Licenses: 
2023-05-04 16:42:09,666 [INFO] PluginManage:359 - Loaded plugin analytics (category:tool,tabindex:-1)
2023-05-04 16:42:09,666 [INFO] PluginManage:310 - Check plugin cadmodel
2023-05-04 16:42:09,681 [INFO] CADModel:105 - Init CAD model plugin
2023-05-04 16:42:09,686 [INFO] PluginManage:359 - Loaded plugin cadmodel (category:power,tabindex:5)
2023-05-04 16:42:09,686 [INFO] PluginManage:310 - Check plugin clock
2023-05-04 16:42:09,708 [INFO] PluginManage:359 - Loaded plugin clock (category:base,tabindex:2)
2023-05-04 16:42:09,708 [INFO] PluginManage:310 - Check plugin ddr
2023-05-04 16:42:09,708 [INFO] PluginManage:359 - Loaded plugin ddr (category:tool,tabindex:6)
2023-05-04 16:42:09,708 [INFO] PluginManage:310 - Check plugin filemanager
2023-05-04 16:42:09,878 [INFO] PluginManage:359 - Loaded plugin filemanager (category:base,tabindex:10)
2023-05-04 16:42:09,878 [INFO] PluginManage:310 - Check plugin ipmanager
2023-05-04 16:42:09,891 [INFO] PluginManage:359 - Loaded plugin ipmanager (category:base,tabindex:5)
2023-05-04 16:42:09,891 [INFO] PluginManage:310 - Check plugin lpbam
2023-05-04 16:42:09,908 [INFO] PluginManage:359 - Loaded plugin lpbam (category:base,tabindex:0)
2023-05-04 16:42:09,908 [INFO] PluginManage:310 - Check plugin pinoutandconfiguration
2023-05-04 16:42:09,928 [INFO] PluginManage:359 - Loaded plugin pinoutandconfiguration (category:base,tabindex:1)
2023-05-04 16:42:09,928 [INFO] PluginManage:310 - Check plugin pinoutconfig
2023-05-04 16:42:10,074 [WARN] SupportedApi:132 - Cannot load RTOS API schema: s4s-elt-must-match.1: The content of 'definitions' must match (annotation?, (simpleType | complexType)?, (unique | key | keyref)*)). A problem was found starting at: attribute.
2023-05-04 16:42:10,274 [INFO] PluginManage:359 - Loaded plugin pinoutconfig (category:base,tabindex:0)
2023-05-04 16:42:10,275 [INFO] PluginManage:310 - Check plugin power
2023-05-04 16:42:10,302 [INFO] PluginManage:359 - Loaded plugin power (category:power,tabindex:4)
2023-05-04 16:42:10,302 [INFO] PluginManage:310 - Check plugin projectmanager
2023-05-04 16:42:10,328 [INFO] PluginManage:359 - Loaded plugin projectmanager (category:projectmanager,tabindex:3)
2023-05-04 16:42:10,328 [INFO] PluginManage:310 - Check plugin thirdparty
2023-05-04 16:42:10,648 [INFO] PluginManage:359 - Loaded plugin thirdparty (category:base,tabindex:-1)
2023-05-04 16:42:10,648 [WARN] IntegrityCheckThread:84 - waiting for thirdparty lock release [integrity check]
2023-05-04 16:42:10,648 [INFO] PluginManage:310 - Check plugin tools
2023-05-04 16:42:10,648 [INFO] IntegrityCheckThread:86 - entering critical section [integrity check]
2023-05-04 16:42:10,652 [INFO] ThirdPartyUpdaterWithRetryManager:70 - Updater plugin not ready yet. [1/15]
2023-05-04 16:42:10,678 [INFO] PluginManage:359 - Loaded plugin tools (category:base,tabindex:7)
2023-05-04 16:42:10,678 [INFO] PluginManage:310 - Check plugin tutovideos
2023-05-04 16:42:10,950 [INFO] PluginManage:359 - Loaded plugin tutovideos (category:base,tabindex:-1)
2023-05-04 16:42:10,950 [INFO] PluginManage:310 - Check plugin updater
2023-05-04 16:42:10,976 [INFO] PluginManage:359 - Loaded plugin updater (category:base,tabindex:12)
2023-05-04 16:42:10,976 [INFO] PluginManage:283 - PluginManage : Loaded plugins [15]
2023-05-04 16:42:11,378 [INFO] PinOutPanel:1499 - setPackage(No Configuration,No Configuration)
2023-05-04 16:42:11,478 [INFO] CADModel:165 - CPN selected for project level
2023-05-04 16:42:11,478 [INFO] CADModel:114 - Register for checkConnection events
2023-05-04 16:42:11,518 [INFO] IPUIPlugin:80 - create IPUIPlugin
2023-05-04 16:42:11,518 [INFO] PluginManager:220 - loadIPPluginJar : add adc
2023-05-04 16:42:11,549 [INFO] IPUIPlugin:80 - create IPUIPlugin
2023-05-04 16:42:11,549 [INFO] PluginManager:220 - loadIPPluginJar : add aes
2023-05-04 16:42:11,588 [INFO] IPUIPlugin:80 - create IPUIPlugin
2023-05-04 16:42:11,588 [INFO] PluginManager:220 - loadIPPluginJar : add can
2023-05-04 16:42:11,630 [INFO] IPUIPlugin:80 - create IPUIPlugin
2023-05-04 16:42:11,630 [INFO] PluginManager:220 - loadIPPluginJar : add comp
2023-05-04 16:42:11,664 [INFO] IPUIPlugin:80 - create IPUIPlugin
2023-05-04 16:42:11,664 [INFO] PluginManager:220 - loadIPPluginJar : add cryp
2023-05-04 16:42:11,692 [INFO] IPUIPlugin:80 - create IPUIPlugin
2023-05-04 16:42:11,692 [INFO] PluginManager:220 - loadIPPluginJar : add dfsdm
2023-05-04 16:42:11,708 [INFO] IPUIPlugin:80 - create IPUIPlugin
2023-05-04 16:42:11,710 [INFO] PluginManager:220 - loadIPPluginJar : add dma
2023-05-04 16:42:11,748 [INFO] IPUIPlugin:80 - create IPUIPlugin
2023-05-04 16:42:11,748 [INFO] PluginManager:220 - loadIPPluginJar : add dma3
2023-05-04 16:42:11,764 [INFO] IPUIPlugin:80 - create IPUIPlugin
2023-05-04 16:42:11,764 [INFO] PluginManager:220 - loadIPPluginJar : add fatfs
2023-05-04 16:42:11,808 [INFO] IPUIPlugin:80 - create IPUIPlugin
2023-05-04 16:42:11,808 [INFO] PluginManager:220 - loadIPPluginJar : add fmc
2023-05-04 16:42:11,823 [INFO] IPUIPlugin:80 - create IPUIPlugin
2023-05-04 16:42:11,823 [INFO] PluginManager:220 - loadIPPluginJar : add freertos
2023-05-04 16:42:11,843 [INFO] IPUIPlugin:80 - create IPUIPlugin
2023-05-04 16:42:11,843 [INFO] PluginManager:220 - loadIPPluginJar : add genericplugin
2023-05-04 16:42:11,923 [INFO] IPUIPlugin:80 - create IPUIPlugin
2023-05-04 16:42:11,923 [INFO] PluginManager:220 - loadIPPluginJar : add gfxmmu
2023-05-04 16:42:12,038 [INFO] IPUIPlugin:80 - create IPUIPlugin
2023-05-04 16:42:12,038 [INFO] PluginManager:220 - loadIPPluginJar : add gic
2023-05-04 16:42:12,059 [INFO] IPUIPlugin:80 - create IPUIPlugin
2023-05-04 16:42:12,059 [INFO] PluginManager:220 - loadIPPluginJar : add gpio
2023-05-04 16:42:12,168 [INFO] IPUIPlugin:80 - create IPUIPlugin
2023-05-04 16:42:12,168 [INFO] PluginManager:220 - loadIPPluginJar : add gtzc
2023-05-04 16:42:12,202 [INFO] IPUIPlugin:80 - create IPUIPlugin
2023-05-04 16:42:12,202 [INFO] PluginManager:220 - loadIPPluginJar : add hash
2023-05-04 16:42:12,254 [INFO] IPUIPlugin:80 - create IPUIPlugin
2023-05-04 16:42:12,254 [INFO] PluginManager:220 - loadIPPluginJar : add i2c
2023-05-04 16:42:12,292 [INFO] IPUIPlugin:80 - create IPUIPlugin
2023-05-04 16:42:12,292 [INFO] PluginManager:220 - loadIPPluginJar : add i2s
2023-05-04 16:42:12,330 [INFO] IPUIPlugin:80 - create IPUIPlugin
2023-05-04 16:42:12,330 [INFO] PluginManager:220 - loadIPPluginJar : add i3c
2023-05-04 16:42:12,422 [INFO] IPUIPlugin:80 - create IPUIPlugin
2023-05-04 16:42:12,422 [INFO] PluginManager:220 - loadIPPluginJar : add ipddr
2023-05-04 16:42:12,501 [INFO] IPUIPlugin:80 - create IPUIPlugin
2023-05-04 16:42:12,501 [INFO] PluginManager:220 - loadIPPluginJar : add linkedlist
2023-05-04 16:42:12,533 [INFO] IPUIPlugin:80 - create IPUIPlugin
2023-05-04 16:42:12,533 [INFO] PluginManager:220 - loadIPPluginJar : add lorawan
2023-05-04 16:42:12,565 [INFO] IPUIPlugin:80 - create IPUIPlugin
2023-05-04 16:42:12,565 [INFO] PluginManager:220 - loadIPPluginJar : add ltdc
2023-05-04 16:42:12,581 [INFO] IPUIPlugin:80 - create IPUIPlugin
2023-05-04 16:42:12,581 [INFO] PluginManager:220 - loadIPPluginJar : add mdma
2023-05-04 16:42:12,595 [INFO] IPUIPlugin:80 - create IPUIPlugin
2023-05-04 16:42:12,596 [INFO] PluginManager:220 - loadIPPluginJar : add nvic
2023-05-04 16:42:12,628 [INFO] IPUIPlugin:80 - create IPUIPlugin
2023-05-04 16:42:12,628 [INFO] PluginManager:220 - loadIPPluginJar : add opamp
2023-05-04 16:42:12,678 [INFO] IPUIPlugin:80 - create IPUIPlugin
2023-05-04 16:42:12,678 [INFO] PluginManager:220 - loadIPPluginJar : add openamp
2023-05-04 16:42:12,710 [INFO] IPUIPlugin:80 - create IPUIPlugin
2023-05-04 16:42:12,710 [INFO] PluginManager:220 - loadIPPluginJar : add pdm2pcm
2023-05-04 16:42:12,728 [INFO] IPUIPlugin:80 - create IPUIPlugin
2023-05-04 16:42:12,728 [INFO] PluginManager:220 - loadIPPluginJar : add plateformsettings
2023-05-04 16:42:12,753 [INFO] IPUIPlugin:80 - create IPUIPlugin
2023-05-04 16:42:12,753 [INFO] PluginManager:220 - loadIPPluginJar : add quadspi
2023-05-04 16:42:12,768 [INFO] IPUIPlugin:80 - create IPUIPlugin
2023-05-04 16:42:12,768 [INFO] PluginManager:220 - loadIPPluginJar : add resmgrutility
2023-05-04 16:42:12,814 [INFO] IPUIPlugin:80 - create IPUIPlugin
2023-05-04 16:42:12,814 [INFO] PluginManager:220 - loadIPPluginJar : add sai
2023-05-04 16:42:12,843 [INFO] IPUIPlugin:80 - create IPUIPlugin
2023-05-04 16:42:12,843 [INFO] PluginManager:220 - loadIPPluginJar : add spi
2023-05-04 16:42:12,898 [INFO] IPUIPlugin:80 - create IPUIPlugin
2023-05-04 16:42:12,898 [INFO] PluginManager:220 - loadIPPluginJar : add stm32_wpan
2023-05-04 16:42:12,918 [INFO] IPUIPlugin:80 - create IPUIPlugin
2023-05-04 16:42:12,918 [INFO] PluginManager:220 - loadIPPluginJar : add tim
2023-05-04 16:42:12,967 [INFO] IPUIPlugin:80 - create IPUIPlugin
2023-05-04 16:42:12,967 [INFO] PluginManager:220 - loadIPPluginJar : add touchsensing
2023-05-04 16:42:12,988 [INFO] IPUIPlugin:80 - create IPUIPlugin
2023-05-04 16:42:12,988 [INFO] PluginManager:220 - loadIPPluginJar : add tracer_emb
2023-05-04 16:42:13,008 [INFO] IPUIPlugin:80 - create IPUIPlugin
2023-05-04 16:42:13,008 [INFO] PluginManager:220 - loadIPPluginJar : add ts
2023-05-04 16:42:13,033 [INFO] IPUIPlugin:80 - create IPUIPlugin
2023-05-04 16:42:13,033 [INFO] PluginManager:220 - loadIPPluginJar : add tsc
2023-05-04 16:42:13,053 [INFO] IPUIPlugin:80 - create IPUIPlugin
2023-05-04 16:42:13,053 [INFO] PluginManager:220 - loadIPPluginJar : add ucpd
2023-05-04 16:42:13,088 [INFO] IPUIPlugin:80 - create IPUIPlugin
2023-05-04 16:42:13,088 [INFO] PluginManager:220 - loadIPPluginJar : add usart
2023-05-04 16:42:13,128 [INFO] IPUIPlugin:80 - create IPUIPlugin
2023-05-04 16:42:13,128 [INFO] PluginManager:220 - loadIPPluginJar : add usbx
2023-05-04 16:42:13,268 [INFO] CADModel:165 - CPN selected for project level
2023-05-04 16:42:13,268 [INFO] CADModel:114 - Register for checkConnection events
2023-05-04 16:42:13,268 [FATAL] Updater:308 - Updater called before beeing initialized
2023-05-04 16:42:13,268 [ERROR] CADModel:125 - Updater not yet initialized, retry later 
2023-05-04 16:42:13,519 [INFO] CADModel:165 - CPN selected for project level
2023-05-04 16:42:13,519 [INFO] CADModel:114 - Register for checkConnection events
2023-05-04 16:42:13,519 [FATAL] Updater:308 - Updater called before beeing initialized
2023-05-04 16:42:13,519 [ERROR] CADModel:125 - Updater not yet initialized, retry later 
2023-05-04 16:42:13,519 [FATAL] Updater:308 - Updater called before beeing initialized
2023-05-04 16:42:13,661 [INFO] ThirdPartyUpdaterWithRetryManager:70 - Updater plugin not ready yet. [2/15]
2023-05-04 16:42:13,670 [FATAL] Updater:308 - Updater called before beeing initialized
2023-05-04 16:42:13,687 [INFO] DbMcusAds:53 - JSON generation date=Tue Mar 07 15:50:55 ICT 2023 (1678179055114)
2023-05-04 16:42:13,688 [FATAL] Updater:308 - Updater called before beeing initialized
2023-05-04 16:42:13,772 [WARN] DetailPanel:346 - Failed to get advertising image, set to default
2023-05-04 16:42:13,888 [FATAL] Updater:308 - Updater called before beeing initialized
2023-05-04 16:42:13,893 [FATAL] Updater:308 - Updater called before beeing initialized
2023-05-04 16:42:13,893 [FATAL] Updater:308 - Updater called before beeing initialized
2023-05-04 16:42:13,893 [WARN] DetailPanel:346 - Failed to get advertising image, set to default
2023-05-04 16:42:13,893 [FATAL] Updater:308 - Updater called before beeing initialized
2023-05-04 16:42:14,011 [ERROR] Updater:1120 - MainUpdater not yet initialized. External WinMGr cannot be set.
2023-05-04 16:42:14,028 [INFO] Updater:1056 - Updater Version found : 6.8.0
2023-05-04 16:42:14,053 [INFO] ApplicationProperties:184 - Using Application install path: C:\ST\STM32CubeIDE_1.12.0\STM32CubeIDE\plugins\com.st.stm32cube.common.mx_6.8.0.202302231600
2023-05-04 16:42:14,208 [INFO] MainUpdater:2854 - connection check result : 10
2023-05-04 16:42:14,208 [INFO] MainUpdater:3548 - Updater definition file requires update
2023-05-04 16:42:14,208 [INFO] MainUpdater:283 - Updater Check For Update Now.
2023-05-04 16:42:14,212 [INFO] MicroXplorer:498 - Change Database Version : DB.6.0.80
2023-05-04 16:42:14,228 [INFO] ServerAccessManage:473 - Download File updaters.zip
2023-05-04 16:42:14,312 [INFO] FileExtend:240 - Unzip File : updaters.zip
2023-05-04 16:42:14,312 [INFO] FileExtend:255 - Standard Zip Deflate
2023-05-04 16:42:14,948 [INFO] ServerAccessManage:473 - Download File PacksControlFlags.xml
2023-05-04 16:42:15,009 [INFO] ServerAccessManage:473 - Download File cubemx.pidx
2023-05-04 16:42:15,418 [INFO] ServerAccessManage:473 - Download File STMicroelectronics.FP-ATR-ASTRA1.pdsc
2023-05-04 16:42:15,751 [INFO] ServerAccessManage:473 - Download File STMicroelectronics.FP-SNS-FLIGHT1.pdsc
2023-05-04 16:42:15,813 [INFO] ServerAccessManage:473 - Download File STMicroelectronics.FP-SNS-MOTENV1.pdsc
2023-05-04 16:42:16,228 [INFO] ServerAccessManage:473 - Download File STMicroelectronics.X-CUBE-FREERTOS.pdsc
2023-05-04 16:42:16,564 [INFO] ServerAccessManage:473 - Download File STMicroelectronics.X-CUBE-MEMS1.pdsc
2023-05-04 16:42:16,673 [WARN] MainUpdater:1187 - Updater busy. Cannot search thirdparties
2023-05-04 16:42:16,673 [INFO] ThirdPartyUpdaterWithRetryManager:96 - Updater plugin is busy. [1/15]
2023-05-04 16:42:17,231 [INFO] ServerAccessManage:473 - Download File STMicroelectronics.X-CUBE-SUBG2.pdsc
2023-05-04 16:42:17,975 [INFO] ServerAccessManage:473 - Download File STMicroelectronics.X-CUBE-SMBUS.pdsc
2023-05-04 16:42:18,588 [ERROR] ServerAccessManage:1089 - Problem, file not found on Server
2023-05-04 16:42:18,643 [INFO] ServerAccessManage:473 - Download File STMicroelectronics.X-CUBE-TOF1.pdsc
2023-05-04 16:42:19,488 [ERROR] ServerAccessManage:1089 - Problem, file not found on Server
2023-05-04 16:42:19,648 [INFO] ServerAccessManage:473 - Download File STMicroelectronics.X-CUBE-TOUCHGFX.pdsc
2023-05-04 16:42:19,676 [WARN] MainUpdater:1187 - Updater busy. Cannot search thirdparties
2023-05-04 16:42:19,676 [INFO] ThirdPartyUpdaterWithRetryManager:96 - Updater plugin is busy. [2/15]
2023-05-04 16:42:21,285 [INFO] ServerAccessManage:473 - Download File STMicroelectronics.X-CUBE-ALGOBUILD.pdsc
2023-05-04 16:42:21,648 [INFO] ServerAccessManage:473 - Download File STMicroelectronics.X-CUBE-AZRTOS-H7.pdsc
2023-05-04 16:42:22,344 [INFO] ServerAccessManage:473 - Download File STMicroelectronics.X-CUBE-AZRTOS-F4.pdsc
2023-05-04 16:42:22,692 [WARN] MainUpdater:1187 - Updater busy. Cannot search thirdparties
2023-05-04 16:42:22,692 [INFO] ThirdPartyUpdaterWithRetryManager:96 - Updater plugin is busy. [3/15]
2023-05-04 16:42:22,942 [INFO] ServerAccessManage:473 - Download File STMicroelectronics.X-CUBE-AZRTOS-F7.pdsc
2023-05-04 16:42:23,325 [INFO] ServerAccessManage:473 - Download File STMicroelectronics.X-CUBE-AZRTOS-L4.pdsc
2023-05-04 16:42:23,784 [INFO] ServerAccessManage:473 - Download File STMicroelectronics.X-CUBE-AZRTOS-L5.pdsc
2023-05-04 16:42:24,785 [INFO] ServerAccessManage:473 - Download File STMicroelectronics.X-CUBE-AZRTOS-G0.pdsc
2023-05-04 16:42:25,225 [INFO] ServerAccessManage:473 - Download File STMicroelectronics.X-CUBE-AZRTOS-G4.pdsc
2023-05-04 16:42:25,484 [INFO] ServerAccessManage:473 - Download File STMicroelectronics.X-CUBE-AZRTOS-WB.pdsc
2023-05-04 16:42:25,697 [WARN] MainUpdater:1187 - Updater busy. Cannot search thirdparties
2023-05-04 16:42:25,697 [INFO] ThirdPartyUpdaterWithRetryManager:96 - Updater plugin is busy. [4/15]
2023-05-04 16:42:25,738 [INFO] ServerAccessManage:473 - Download File STMicroelectronics.X-CUBE-AZRTOS-WL.pdsc
2023-05-04 16:42:26,917 [INFO] ServerAccessManage:473 - Download File wolfSSL.I-CUBE-wolfSSL.pdsc
2023-05-04 16:42:28,706 [WARN] MainUpdater:1187 - Updater busy. Cannot search thirdparties
2023-05-04 16:42:28,706 [INFO] ThirdPartyUpdaterWithRetryManager:96 - Updater plugin is busy. [5/15]
2023-05-04 16:42:31,719 [WARN] MainUpdater:1187 - Updater busy. Cannot search thirdparties
2023-05-04 16:42:31,719 [INFO] ThirdPartyUpdaterWithRetryManager:96 - Updater plugin is busy. [6/15]
2023-05-04 16:42:33,642 [ERROR] ServerAccessManage:1089 - Problem, file not found on Server
2023-05-04 16:42:34,661 [ERROR] ServerAccessManage:1089 - Problem, file not found on Server
2023-05-04 16:42:34,727 [WARN] MainUpdater:1187 - Updater busy. Cannot search thirdparties
2023-05-04 16:42:34,727 [INFO] ThirdPartyUpdaterWithRetryManager:96 - Updater plugin is busy. [7/15]
2023-05-04 16:42:34,822 [INFO] MainUpdater:2854 - connection check result : 10
2023-05-04 16:42:36,354 [ERROR] ServerAccessManage:1089 - Problem, file not found on Server
2023-05-04 16:42:37,514 [ERROR] ServerAccessManage:1096 - Problem, Http access forbiden
2023-05-04 16:42:37,515 [ERROR] ServerAccessManage:651 - Problem, Http access forbiden : RoweBots.I-CUBE-UNISONRTOS.pdsc.
2023-05-04 16:42:37,728 [WARN] MainUpdater:1187 - Updater busy. Cannot search thirdparties
2023-05-04 16:42:37,728 [INFO] ThirdPartyUpdaterWithRetryManager:96 - Updater plugin is busy. [8/15]
2023-05-04 16:42:39,802 [INFO] ServerAccessManage:473 - Download File SEGGER.I-CUBE-embOS.pdsc
2023-05-04 16:42:40,739 [WARN] MainUpdater:1187 - Updater busy. Cannot search thirdparties
2023-05-04 16:42:40,739 [INFO] ThirdPartyUpdaterWithRetryManager:96 - Updater plugin is busy. [9/15]
2023-05-04 16:42:43,745 [WARN] MainUpdater:1187 - Updater busy. Cannot search thirdparties
2023-05-04 16:42:43,745 [INFO] ThirdPartyUpdaterWithRetryManager:96 - Updater plugin is busy. [10/15]
2023-05-04 16:42:43,749 [INFO] ServerAccessManage:473 - Download File portGmbH.I-Cube-SoM-uGOAL.pdsc
2023-05-04 16:42:46,243 [ERROR] ServerAccessManage:1089 - Problem, file not found on Server
2023-05-04 16:42:46,479 [ERROR] ServerAccessManage:1089 - Problem, file not found on Server
2023-05-04 16:42:46,725 [ERROR] ServerAccessManage:1089 - Problem, file not found on Server
2023-05-04 16:42:46,756 [WARN] MainUpdater:1187 - Updater busy. Cannot search thirdparties
2023-05-04 16:42:46,756 [INFO] ThirdPartyUpdaterWithRetryManager:96 - Updater plugin is busy. [11/15]
2023-05-04 16:42:47,950 [INFO] ServerAccessManage:473 - Download File emotas.I-CUBE-CANOPEN.pdsc
2023-05-04 16:42:49,767 [WARN] MainUpdater:1187 - Updater busy. Cannot search thirdparties
2023-05-04 16:42:49,767 [INFO] ThirdPartyUpdaterWithRetryManager:96 - Updater plugin is busy. [12/15]
2023-05-04 16:42:50,701 [INFO] ServerAccessManage:473 - Download File WES.I-CUBE-Cesium.pdsc
2023-05-04 16:42:52,778 [WARN] MainUpdater:1187 - Updater busy. Cannot search thirdparties
2023-05-04 16:42:52,778 [INFO] ThirdPartyUpdaterWithRetryManager:96 - Updater plugin is busy. [13/15]
2023-05-04 16:42:53,389 [ERROR] ServerAccessManage:1089 - Problem, file not found on Server
2023-05-04 16:42:54,309 [ERROR] ServerAccessManage:1089 - Problem, file not found on Server
2023-05-04 16:42:54,476 [WARN] PackLoader:240 - Cannot read IP mode file for STMicroelectronics.FP-ATR-ASTRA1.2.0.0
2023-05-04 16:42:54,505 [WARN] PackLoader:240 - Cannot read IP mode file for STMicroelectronics.FP-SNS-FLIGHT1.5.0.0
2023-05-04 16:42:54,511 [ERROR] RealEvaluatedCondition:428 - Found unsupported composite condition: CLASS='Data Exchange' GROUP='STM32_MetaDataManager'
2023-05-04 16:42:54,513 [ERROR] RealEvaluatedCondition:428 - Found unsupported composite condition: CLASS='Data Exchange' GROUP='STM32_MetaDataManager'
2023-05-04 16:42:54,515 [WARN] PackLoader:240 - Cannot read IP mode file for STMicroelectronics.FP-SNS-MOTENV1.4.3.0
2023-05-04 16:42:54,530 [WARN] PackLoader:240 - Cannot read IP mode file for STMicroelectronics.X-CUBE-FREERTOS.1.0.1
2023-05-04 16:42:54,588 [INFO] CheckServerUpdateThread:120 - End of CheckServer Thread
2023-05-04 16:42:54,623 [INFO] MainUpdater:2854 - connection check result : 10
2023-05-04 16:42:54,655 [WARN] PackLoader:240 - Cannot read IP mode file for STMicroelectronics.X-CUBE-MEMS1.9.6.0
2023-05-04 16:42:54,978 [WARN] PackLoader:240 - Cannot read IP mode file for STMicroelectronics.X-CUBE-SUBG2.5.0.0
2023-05-04 16:42:55,008 [WARN] PackLoader:240 - Cannot read IP mode file for STMicroelectronics.X-CUBE-SMBUS.2.1.0
2023-05-04 16:42:55,058 [WARN] PackLoader:240 - Cannot read IP mode file for STMicroelectronics.X-CUBE-TOF1.3.3.0
2023-05-04 16:42:55,073 [INFO] MicroXplorer:468 - Change Database Path : 
2023-05-04 16:42:55,074 [INFO] MicroXplorer:498 - Change Database Version : DB.6.0.80
2023-05-04 16:42:55,075 [WARN] ThirdParty:871 - waiting for thirdparty lock release [close project]
2023-05-04 16:42:55,101 [WARN] PackLoader:240 - Cannot read IP mode file for STMicroelectronics.X-CUBE-TOUCHGFX.4.21.3
2023-05-04 16:42:55,112 [WARN] PackLoader:240 - Cannot read IP mode file for STMicroelectronics.X-CUBE-ALGOBUILD.1.3.0
2023-05-04 16:42:55,139 [WARN] ConditionMgr:438 - getConditionDescription Invalid condition id : UX DEVICE CLASS RTOS Condition cause : null
2023-05-04 16:42:55,141 [WARN] ConditionMgr:438 - getConditionDescription Invalid condition id : UX DEVICE CLASS RTOS Condition cause : null
2023-05-04 16:42:55,152 [WARN] PackLoader:240 - Cannot read IP mode file for STMicroelectronics.X-CUBE-AZRTOS-H7.3.1.0
2023-05-04 16:42:55,157 [WARN] ConditionMgr:1039 - genDependencies : Invalid condition id : UX DEVICE CLASS RTOS Condition cause : null
2023-05-04 16:42:55,158 [WARN] ConditionMgr:1039 - genDependencies : Invalid condition id : UX DEVICE CLASS RTOS Condition cause : null
2023-05-04 16:42:55,160 [WARN] ConditionMgr:1039 - genDependencies : Invalid condition id : UX DEVICE CLASS RTOS Condition cause : null
2023-05-04 16:42:55,162 [WARN] ConditionMgr:1039 - genDependencies : Invalid condition id : UX DEVICE CLASS RTOS Condition cause : null
2023-05-04 16:42:55,163 [WARN] ConditionMgr:1039 - genDependencies : Invalid condition id : UX DEVICE CLASS RTOS Condition cause : null
2023-05-04 16:42:55,209 [WARN] PackLoader:240 - Cannot read IP mode file for STMicroelectronics.X-CUBE-AZRTOS-F4.1.1.0
2023-05-04 16:42:55,234 [WARN] PackLoader:240 - Cannot read IP mode file for STMicroelectronics.X-CUBE-AZRTOS-F7.1.1.0
2023-05-04 16:42:55,280 [WARN] PackLoader:240 - Cannot read IP mode file for STMicroelectronics.X-CUBE-AZRTOS-L4.1.0.0
2023-05-04 16:42:55,302 [WARN] PackLoader:240 - Cannot read IP mode file for STMicroelectronics.X-CUBE-AZRTOS-L5.1.1.0
2023-05-04 16:42:55,329 [WARN] PackLoader:240 - Cannot read IP mode file for STMicroelectronics.X-CUBE-AZRTOS-G0.1.1.0
2023-05-04 16:42:55,350 [WARN] PackLoader:240 - Cannot read IP mode file for STMicroelectronics.X-CUBE-AZRTOS-G4.2.0.0
2023-05-04 16:42:55,365 [WARN] PackLoader:240 - Cannot read IP mode file for STMicroelectronics.X-CUBE-AZRTOS-WB.1.1.0
2023-05-04 16:42:55,386 [WARN] PackLoader:240 - Cannot read IP mode file for STMicroelectronics.X-CUBE-AZRTOS-WL.1.0.0
2023-05-04 16:42:55,394 [WARN] PackLoader:240 - Cannot read IP mode file for wolfSSL.I-CUBE-wolfSSL.5.6.0
2023-05-04 16:42:55,434 [WARN] PackLoader:240 - Cannot read IP mode file for SEGGER.I-CUBE-embOS.1.3.1
2023-05-04 16:42:55,507 [WARN] PackLoader:240 - Cannot read IP mode file for portGmbH.I-Cube-SoM-uGOAL.1.1.0
2023-05-04 16:42:55,521 [WARN] PackLoader:240 - Cannot read IP mode file for emotas.I-CUBE-CANOPEN.1.1.3
2023-05-04 16:42:55,533 [WARN] PackLoader:240 - Cannot read IP mode file for WES.I-CUBE-Cesium.1.3.0
2023-05-04 16:42:55,534 [INFO] PopulateThirdPartyThread:66 - Ending populate Thread
2023-05-04 16:42:55,547 [INFO] ThirdParty:1030 - CMSIS Pack Vendor :STMicroelectronics FP-SNS-MOTENV1 4.3.0
2023-05-04 16:42:55,548 [INFO] ThirdParty:1030 - CMSIS Pack Vendor :STMicroelectronics X-CUBE-AZRTOS-WB 1.1.0
2023-05-04 16:42:55,548 [INFO] ThirdParty:1030 - CMSIS Pack Vendor :STMicroelectronics FP-SNS-FLIGHT1 5.0.0
2023-05-04 16:42:55,548 [INFO] ThirdParty:1030 - CMSIS Pack Vendor :STMicroelectronics X-CUBE-ALGOBUILD 1.3.0
2023-05-04 16:42:55,548 [INFO] ThirdParty:1030 - CMSIS Pack Vendor :SEGGER I-CUBE-embOS 1.3.1
2023-05-04 16:42:55,548 [INFO] ThirdParty:1030 - CMSIS Pack Vendor :STMicroelectronics X-CUBE-AZRTOS-F4 1.1.0
2023-05-04 16:42:55,548 [INFO] ThirdParty:1030 - CMSIS Pack Vendor :STMicroelectronics X-CUBE-AZRTOS-L5 1.1.0
2023-05-04 16:42:55,548 [INFO] ThirdParty:1030 - CMSIS Pack Vendor :STMicroelectronics X-CUBE-AZRTOS-G0 1.1.0
2023-05-04 16:42:55,548 [INFO] ThirdParty:1030 - CMSIS Pack Vendor :emotas I-CUBE-CANOPEN 1.1.3
2023-05-04 16:42:55,548 [INFO] ThirdParty:1030 - CMSIS Pack Vendor :STMicroelectronics X-CUBE-SMBUS 2.1.0
2023-05-04 16:42:55,548 [INFO] ThirdParty:1030 - CMSIS Pack Vendor :STMicroelectronics X-CUBE-AZRTOS-L4 1.0.0
2023-05-04 16:42:55,549 [INFO] ThirdParty:1030 - CMSIS Pack Vendor :STMicroelectronics X-CUBE-SUBG2 5.0.0
2023-05-04 16:42:55,549 [INFO] ThirdParty:1030 - CMSIS Pack Vendor :wolfSSL I-CUBE-wolfSSL 5.6.0
2023-05-04 16:42:55,549 [INFO] ThirdParty:1030 - CMSIS Pack Vendor :STMicroelectronics FP-ATR-ASTRA1 2.0.0
2023-05-04 16:42:55,549 [INFO] ThirdParty:1030 - CMSIS Pack Vendor :WES I-CUBE-Cesium 1.3.0
2023-05-04 16:42:55,549 [INFO] ThirdParty:1030 - CMSIS Pack Vendor :STMicroelectronics X-CUBE-FREERTOS 1.0.1
2023-05-04 16:42:55,549 [INFO] ThirdParty:1030 - CMSIS Pack Vendor :STMicroelectronics X-CUBE-TOUCHGFX 4.21.3
2023-05-04 16:42:55,549 [INFO] ThirdParty:1030 - CMSIS Pack Vendor :STMicroelectronics X-CUBE-AZRTOS-WL 1.0.0
2023-05-04 16:42:55,549 [INFO] ThirdParty:1030 - CMSIS Pack Vendor :STMicroelectronics X-CUBE-AZRTOS-F7 1.1.0
2023-05-04 16:42:55,550 [INFO] ThirdParty:1030 - CMSIS Pack Vendor :STMicroelectronics X-CUBE-AZRTOS-G4 2.0.0
2023-05-04 16:42:55,550 [INFO] ThirdParty:1030 - CMSIS Pack Vendor :STMicroelectronics X-CUBE-TOF1 3.3.0
2023-05-04 16:42:55,550 [INFO] ThirdParty:1030 - CMSIS Pack Vendor :STMicroelectronics X-CUBE-AZRTOS-H7 3.1.0
2023-05-04 16:42:55,550 [INFO] ThirdParty:1030 - CMSIS Pack Vendor :portGmbH I-Cube-SoM-uGOAL 1.1.0
2023-05-04 16:42:55,550 [INFO] ThirdParty:1030 - CMSIS Pack Vendor :STMicroelectronics X-CUBE-MEMS1 9.6.0
2023-05-04 16:42:55,551 [INFO] LoadServerUpdatesThread:373 - End of LoadServerUpdate Thread
2023-05-04 16:42:56,055 [WARN] PackLoader:240 - Cannot read IP mode file for STMicroelectronics.X-CUBE-GNSS1.6.0.0
2023-05-04 16:42:56,072 [WARN] PackLoader:240 - Cannot read IP mode file for STMicroelectronics.X-CUBE-AZRTOS-F4.1.1.0
2023-05-04 16:42:56,080 [WARN] PackLoader:240 - Cannot read IP mode file for STMicroelectronics.X-CUBE-SMBUS.2.1.0
2023-05-04 16:42:56,085 [WARN] PackLoader:240 - Cannot read IP mode file for wolfSSL.I-CUBE-wolfSSL.5.6.0
2023-05-04 16:42:56,123 [WARN] PackLoader:240 - Cannot read IP mode file for STMicroelectronics.X-CUBE-AZRTOS-F7.1.1.0
2023-05-04 16:42:56,172 [WARN] PackLoader:240 - Cannot read IP mode file for STMicroelectronics.X-CUBE-MEMS1.9.6.0
2023-05-04 16:42:56,370 [ERROR] RealEvaluatedCondition:428 - Found unsupported composite condition: CLASS='Data Exchange' GROUP='STM32_MetaDataManager'
2023-05-04 16:42:56,371 [ERROR] RealEvaluatedCondition:428 - Found unsupported composite condition: CLASS='Data Exchange' GROUP='STM32_MetaDataManager'
2023-05-04 16:42:56,374 [WARN] PackLoader:240 - Cannot read IP mode file for STMicroelectronics.FP-SNS-MOTENV1.4.3.0
2023-05-04 16:42:56,382 [WARN] PackLoader:240 - Cannot read IP mode file for STMicroelectronics.FP-SNS-FLIGHT1.5.0.0
2023-05-04 16:42:56,399 [WARN] PackLoader:240 - Cannot read IP mode file for STMicroelectronics.X-CUBE-BLE1.6.2.4
2023-05-04 16:42:56,410 [WARN] PackLoader:240 - Cannot read IP mode file for emotas.I-CUBE-CANOPEN.1.1.3
2023-05-04 16:42:56,461 [WARN] ConditionMgr:438 - getConditionDescription Invalid condition id : UX DEVICE CLASS RTOS Condition cause : null
2023-05-04 16:42:56,462 [WARN] ConditionMgr:438 - getConditionDescription Invalid condition id : UX DEVICE CLASS RTOS Condition cause : null
2023-05-04 16:42:56,480 [WARN] PackLoader:240 - Cannot read IP mode file for STMicroelectronics.X-CUBE-AZRTOS-H7.3.1.0
2023-05-04 16:42:56,483 [WARN] ConditionMgr:1039 - genDependencies : Invalid condition id : UX DEVICE CLASS RTOS Condition cause : null
2023-05-04 16:42:56,483 [WARN] ConditionMgr:1039 - genDependencies : Invalid condition id : UX DEVICE CLASS RTOS Condition cause : null
2023-05-04 16:42:56,486 [WARN] ConditionMgr:1039 - genDependencies : Invalid condition id : UX DEVICE CLASS RTOS Condition cause : null
2023-05-04 16:42:56,487 [WARN] ConditionMgr:1039 - genDependencies : Invalid condition id : UX DEVICE CLASS RTOS Condition cause : null
2023-05-04 16:42:56,487 [WARN] ConditionMgr:1039 - genDependencies : Invalid condition id : UX DEVICE CLASS RTOS Condition cause : null
2023-05-04 16:42:56,515 [WARN] PackLoader:240 - Cannot read IP mode file for STMicroelectronics.X-CUBE-DISPLAY.3.0.0
2023-05-04 16:42:56,542 [WARN] PackLoader:240 - Cannot read IP mode file for STMicroelectronics.X-CUBE-NFC7.1.0.0
2023-05-04 16:42:56,565 [WARN] PackLoader:240 - Cannot read IP mode file for STMicroelectronics.X-CUBE-EEPRMA1.4.1.0
2023-05-04 16:42:56,576 [WARN] PackLoader:240 - Cannot read IP mode file for WES.I-CUBE-Cesium.1.3.0
2023-05-04 16:42:56,601 [WARN] PackLoader:240 - Cannot read IP mode file for STMicroelectronics.X-CUBE-SFXS2LP1.4.0.0
2023-05-04 16:42:56,628 [WARN] PackLoader:240 - Cannot read IP mode file for STMicroelectronics.X-CUBE-BLE2.3.3.0
2023-05-04 16:42:56,703 [WARN] PackLoader:240 - Cannot read IP mode file for STMicroelectronics.X-CUBE-ISPU.1.1.0
2023-05-04 16:42:56,721 [WARN] PackLoader:240 - Cannot read IP mode file for STMicroelectronics.X-CUBE-AI.8.0.0
2023-05-04 16:42:56,737 [WARN] PackLoader:240 - Cannot read IP mode file for STMicroelectronics.X-CUBE-FREERTOS.1.0.0
2023-05-04 16:42:56,744 [WARN] PackLoader:240 - Cannot read IP mode file for STMicroelectronics.X-CUBE-FREERTOS.1.0.1
2023-05-04 16:42:56,748 [WARN] PackLoader:240 - Cannot read IP mode file for STMicroelectronics.X-CUBE-TOUCHGFX.4.21.3
2023-05-04 16:42:56,758 [WARN] PackLoader:240 - Cannot read IP mode file for STMicroelectronics.X-CUBE-ALGOBUILD.1.3.0
2023-05-04 16:42:56,774 [WARN] PackLoader:240 - Cannot read IP mode file for STMicroelectronics.X-CUBE-AZRTOS-L5.1.1.0
2023-05-04 16:42:56,791 [WARN] PackLoader:240 - Cannot read IP mode file for STMicroelectronics.X-CUBE-AZRTOS-G0.1.1.0
2023-05-04 16:42:56,803 [WARN] PackLoader:240 - Cannot read IP mode file for STMicroelectronics.X-CUBE-SUBG2.5.0.0
2023-05-04 16:42:56,824 [WARN] PackLoader:240 - Cannot read IP mode file for STMicroelectronics.X-CUBE-NFC4.3.0.0
2023-05-04 16:42:56,838 [WARN] PackLoader:240 - Cannot read IP mode file for STMicroelectronics.X-CUBE-AZRTOS-G4.2.0.0
2023-05-04 16:42:56,850 [WARN] PackLoader:240 - Cannot read IP mode file for STMicroelectronics.X-CUBE-TOF1.3.3.0
2023-05-04 16:42:56,864 [WARN] PackLoader:240 - Cannot read IP mode file for STMicroelectronics.FP-ATR-ASTRA1.1.1.1
2023-05-04 16:42:56,882 [WARN] PackLoader:240 - Cannot read IP mode file for STMicroelectronics.FP-ATR-SIGFOX1.3.2.0
2023-05-04 16:42:56,902 [WARN] PackLoader:240 - Cannot read IP mode file for STMicroelectronics.X-CUBE-AZRTOS-L4.1.0.0
2023-05-04 16:42:56,917 [WARN] PackLoader:240 - Cannot read IP mode file for STMicroelectronics.X-CUBE-AZRTOS-WL.1.0.0
2023-05-04 16:42:56,926 [WARN] PackLoader:240 - Cannot read IP mode file for portGmbH.I-Cube-SoM-uGOAL.1.1.0
2023-05-04 16:42:56,954 [WARN] PackLoader:240 - Cannot read IP mode file for STMicroelectronics.X-CUBE-ALS.1.0.1
2023-05-04 16:42:57,011 [WARN] PackLoader:240 - Cannot read IP mode file for STMicroelectronics.X-CUBE-MEMS1.9.5.0
2023-05-04 16:42:57,147 [WARN] PackLoader:240 - Cannot read IP mode file for STMicroelectronics.X-CUBE-AZRTOS-WB.1.1.0
2023-05-04 16:42:57,172 [WARN] PackLoader:240 - Cannot read IP mode file for SEGGER.I-CUBE-embOS.1.3.1
2023-05-04 16:42:57,207 [WARN] PackLoader:240 - Cannot read IP mode file for STMicroelectronics.FP-ATR-ASTRA1.2.0.0
2023-05-04 16:42:57,208 [INFO] ThirdParty:978 - Integrity check success = true
2023-05-04 16:42:57,209 [INFO] IntegrityCheckThread:100 - exiting critical section [integrity check]
2023-05-04 16:42:57,209 [INFO] IntegrityCheckThread:103 - End integrity checks thread
2023-05-04 16:42:57,209 [INFO] ThirdParty:873 - entering critical section [close project]
2023-05-04 16:42:57,211 [INFO] ThirdParty:883 - exiting critical section [close project]
2023-05-04 16:42:57,217 [INFO] PinOutPanel:1499 - setPackage(No Configuration,No Configuration)
2023-05-04 16:42:57,225 [INFO] UtilMem:75 - Begin LoadConfig() Used Memory: 527494944 Bytes (646971392)
2023-05-04 16:42:57,227 [INFO] MicroXplorer:468 - Change Database Path : 
2023-05-04 16:42:57,227 [INFO] MicroXplorer:498 - Change Database Version : DB.6.0.80
2023-05-04 16:42:57,227 [INFO] OpenFileManager:308 - Change cursor
2023-05-04 16:42:57,279 [INFO] Mcu:1937 - Initializing MCU STM32F103R(8-B)Tx STM32F103RBTx STM32F103RBT6
2023-05-04 16:42:59,154 [INFO] Context:659 - Trying to add GPIOservice into a context  which must be forbidden
2023-05-04 16:42:59,897 [INFO] RtosManager:555 - Registered RTOS mode: class=CMSIS, group=RTOS, mode=CMSIS_V1, owner=FREERTOS
2023-05-04 16:42:59,897 [INFO] RtosManager:555 - Registered RTOS mode: class=CMSIS, group=RTOS2, mode=CMSIS_V2, owner=FREERTOS
2023-05-04 16:42:59,897 [INFO] RtosManager:555 - Registered RTOS mode: class=RTOS, group=Core, mode=CMSIS_V1, owner=FREERTOS
2023-05-04 16:42:59,897 [INFO] RtosManager:555 - Registered RTOS mode: class=RTOS, group=Core, mode=CMSIS_V2, owner=FREERTOS
2023-05-04 16:42:59,898 [WARN] ModelIntegratedComponent:184 - Missing modes for component STMicroelectronics:FreeRTOS:0.0.1:STMicroelectronics:RTOS:FreeRTOS:Core:::10.2.0:
2023-05-04 16:42:59,915 [WARN] ModelIntegratedComponent:63 - No mode defined for component null
2023-05-04 16:42:59,916 [WARN] ModelIntegratedComponent:63 - No mode defined for component null
2023-05-04 16:42:59,916 [WARN] ModelIntegratedComponent:63 - No mode defined for component null
2023-05-04 16:42:59,916 [WARN] ModelIntegratedComponent:63 - No mode defined for component null
2023-05-04 16:42:59,916 [WARN] ModelIntegratedComponent:63 - No mode defined for component null
2023-05-04 16:42:59,916 [WARN] ModelIntegratedComponent:63 - No mode defined for component null
2023-05-04 16:42:59,916 [WARN] ModelIntegratedComponent:63 - No mode defined for component null
2023-05-04 16:42:59,916 [WARN] ModelIntegratedComponent:63 - No mode defined for component null
2023-05-04 16:42:59,916 [WARN] ModelIntegratedComponent:63 - No mode defined for component null
2023-05-04 16:42:59,916 [WARN] ModelIntegratedComponent:63 - No mode defined for component null
2023-05-04 16:42:59,916 [WARN] ModelIntegratedComponent:63 - No mode defined for component null
2023-05-04 16:42:59,916 [WARN] ModelIntegratedComponent:63 - No mode defined for component null
2023-05-04 16:42:59,916 [WARN] ModelIntegratedComponent:63 - No mode defined for component null
2023-05-04 16:42:59,916 [WARN] ModelIntegratedComponent:63 - No mode defined for component null
2023-05-04 16:42:59,917 [WARN] ModelIntegratedComponent:63 - No mode defined for component null
2023-05-04 16:42:59,917 [WARN] ModelIntegratedComponent:63 - No mode defined for component null
2023-05-04 16:42:59,917 [WARN] ModelIntegratedComponent:63 - No mode defined for component null
2023-05-04 16:42:59,917 [WARN] ModelIntegratedComponent:63 - No mode defined for component null
2023-05-04 16:42:59,917 [WARN] ModelIntegratedComponent:63 - No mode defined for component null
2023-05-04 16:42:59,917 [WARN] ModelIntegratedComponent:63 - No mode defined for component null
2023-05-04 16:42:59,917 [WARN] ModelIntegratedComponent:63 - No mode defined for component null
2023-05-04 16:42:59,917 [WARN] ModelIntegratedComponent:63 - No mode defined for component null
2023-05-04 16:42:59,917 [WARN] ModelIntegratedComponent:63 - No mode defined for component null
2023-05-04 16:42:59,917 [WARN] ModelIntegratedComponent:63 - No mode defined for component null
2023-05-04 16:42:59,917 [WARN] ModelIntegratedComponent:63 - No mode defined for component null
2023-05-04 16:42:59,917 [WARN] ModelIntegratedComponent:63 - No mode defined for component null
2023-05-04 16:42:59,917 [WARN] ModelIntegratedComponent:63 - No mode defined for component null
2023-05-04 16:42:59,917 [WARN] ModelIntegratedComponent:63 - No mode defined for component null
2023-05-04 16:42:59,917 [WARN] ModelIntegratedComponent:63 - No mode defined for component null
2023-05-04 16:42:59,917 [WARN] ModelIntegratedComponent:63 - No mode defined for component null
2023-05-04 16:42:59,918 [WARN] ModelIntegratedComponent:63 - No mode defined for component null
2023-05-04 16:42:59,918 [WARN] ModelIntegratedComponent:63 - No mode defined for component null
2023-05-04 16:42:59,918 [WARN] ModelIntegratedComponent:63 - No mode defined for component null
2023-05-04 16:43:00,040 [INFO] ThirdPartyModel:298 - Start build external matchings
2023-05-04 16:43:00,466 [INFO] ThirdPartyModel:316 - End build external matchings
2023-05-04 16:43:00,818 [INFO] UtilMem:75 - End LoadConfig() Used Memory: 481993640 Bytes (722468864)
2023-05-04 16:43:01,027 [INFO] ApiDb:581 - Connected to CubeFinder SQLite database (C:\Users\Hello\.stmcufinder\plugins\mcufinder\mcu\cube-finder-db.db)
2023-05-04 16:43:01,147 [INFO] ApiDb:668 - CubeFinder database Data Model version=2.1
2023-05-04 16:43:01,147 [INFO] ApiDb:669 - CubeFinder database Configuration version=3.0.35
2023-05-04 16:43:01,148 [INFO] ApiDb:670 - CubeFinder database generation date=2023-03-10 (1678456172)
2023-05-04 16:43:01,148 [INFO] ApiDb:671 - CubeFinder database FW Pack versions=[FP-ATR-ASTRA1_V1.1.1, STM32Cube_FW_C0_V1.0.1, STM32Cube_FW_F0_V1.11.4, STM32Cube_FW_F3_V1.11.4, STM32Cube_FW_F4_V1.27.1, STM32Cube_FW_F7_V1.17.0, STM32Cube_FW_G0_V1.6.1, STM32Cube_FW_G4_V1.5.1, STM32Cube_FW_H5_V0.5.1, STM32Cube_FW_H5_V1.0.0, STM32Cube_FW_H7_V1.11.0, STM32Cube_FW_L0_V1.12.2, STM32Cube_FW_L5_V1.5.0, STM32Cube_FW_U5_V1.2.0, STM32Cube_FW_WBA_V1.0.0, STM32Cube_FW_WBA_V1.0.0RC1, STM32Cube_FW_WBA_V1.0.0RC3, STM32Cube_FW_WB_V1.15.0RC1, STM32Cube_FW_WB_V1.16.0, STM32Cube_FW_WB_V1.16.0RC2, STM32Cube_FW_WL_V1.3.0, X-CUBE-ALGOBUILD_V1.3.0, X-CUBE-ALS_V1.0.1, X-CUBE-AZRTOS-F4_V1.1.0, X-CUBE-AZRTOS-F7_V1.1.0, X-CUBE-AZRTOS-G0_V1.1.0, X-CUBE-AZRTOS-G4_V1.0.0, X-CUBE-AZRTOS-H7_V3.0.0, X-CUBE-AZRTOS-L4_V1.0.0, X-CUBE-AZRTOS-L5_V1.1.0, X-CUBE-AZRTOS-WB_V1.1.0, X-CUBE-AZRTOS-WL_V1.0.0, X-CUBE-BLE1_V6.2.4, X-CUBE-BLE2_V3.3.0, X-CUBE-BLEMGR_V1.3.0, X-CUBE-EEPRMA1_V4.1.0, X-CUBE-GNSS1_V6.0.0, X-CUBE-MEMS1_V9.1.0, X-CUBE-MEMS1_V9.4.0, X-CUBE-MEMS1_V9.5.0, X-CUBE-NFC4_V3.0.0, X-CUBE-NFC7_V1.0.0, X-CUBE-SFXS2LP1_V4.0.0, X-CUBE-SUBG2_V5.0.0]
2023-05-04 16:43:04,444 [INFO] ApiDb:240 - Found 297 in-development CPN: [B-G473E-ZEST1S, B-WB1M-WPAN1, B-WL5M-SUBG1, NUCLEO-C031C6, NUCLEO-H503RB, NUCLEO-H563ZI, NUCLEO-U545RE-Q, NUCLEO-U5A5ZJ-Q, NUCLEO-WBA52CG, STEVAL-PROTEUS1, STEVAL-STWINBX1, STM320518-EVAL, STM32C0116-DK, STM32C011D6Y3TR, STM32C011D6Y6TR, STM32C011F4P3, STM32C011F4P6, STM32C011F4U3, STM32C011F4U6TR, STM32C011F6P3, STM32C011F6P6, STM32C011F6U3, STM32C011F6U6TR, STM32C011J4M3, STM32C011J4M6, STM32C011J6M3, STM32C011J6M6, STM32C0316-DK, STM32C031C4T3, STM32C031C4T6, STM32C031C4U3, STM32C031C4U6, STM32C031C6T3, STM32C031C6T6, STM32C031C6U3, STM32C031C6U6, STM32C031F4P3, STM32C031F4P6, STM32C031F6P3, STM32C031F6P6, STM32C031G4U3, STM32C031G4U6, STM32C031G6U3, STM32C031G6U6, STM32C031K4T3, STM32C031K4T6, STM32C031K4U3, STM32C031K4U6, STM32C031K6T3, STM32C031K6T6, STM32C031K6U3, STM32C031K6U6, STM32G071K8TXN, STM32G071K8UXN, STM32G081GBU6N, STM32G081KBT6N, STM32G081KBUXN, STM32G0B1CCT6N, STM32G0B1KCT6, STM32G0B1NEY6TR, STM32G0B1RCT6N, STM32G0C1CCT6, STM32G0C1CCT6N, STM32G0C1CCU6N, STM32G0C1CET6N, STM32G0C1CEU6N, STM32G0C1KCT6, STM32G0C1NEY6TR, STM32G0C1RCI6N, STM32G0C1RCT6N, STM32G0C1REI6N, STM32G0C1RET6N, STM32G0C1VCI6, STM32G0C1VEI6, STM32G471CCT6, STM32G471CCU6, STM32G471CET3, STM32G471CET6, STM32G471CEU3, STM32G471CEU6, STM32G471MCT6, STM32G471MET3, STM32G471MET6, STM32G471MEY6TR, STM32G471QCT6, STM32G471QET3, STM32G471RCT6, STM32G471RET3, STM32G471RET6, STM32G471VCH6, STM32G471VCI6, STM32G471VCT6, STM32G471VEH3, STM32G471VEH6, STM32G471VEI3, STM32G471VEI6, STM32G471VET3, STM32G471VET6, STM32G474CCT6, STM32H503CBT6, STM32H503CBU6, STM32H503EBY6TR, STM32H503KBU6, STM32H503RBT6, STM32H562AGI6, STM32H562AII6, STM32H562IGK6, STM32H562IGT6, STM32H562IIK6, STM32H562IIT6, STM32H562RGT6, STM32H562RGV6, STM32H562RIT6, STM32H562RIV6, STM32H562VGT6, STM32H562VIT6, STM32H562ZGT6, STM32H562ZIT6, STM32H563AGI6, STM32H563AII3Q, STM32H563AII6, STM32H563IGK6, STM32H563IGT6, STM32H563IIK3Q, STM32H563IIK6, STM32H563IIT3Q, STM32H563IIT6, STM32H563MIY3QTR, STM32H563RGT6, STM32H563RGV6, STM32H563RIT6, STM32H563RIV6, STM32H563VGT6, STM32H563VIT3Q, STM32H563VIT6, STM32H563ZGT6, STM32H563ZIT3Q, STM32H563ZIT6, STM32H573AII3Q, STM32H573AII6, STM32H573I-DK, STM32H573IIK3Q, STM32H573IIK6, STM32H573IIT3Q, STM32H573IIT6, STM32H573MIY3QTR, STM32H573RIT6, STM32H573RIV6, STM32H573VIT3Q, STM32H573VIT6, STM32H573ZIT3Q, STM32H573ZIT6, STM32L4R5QGI6STR, STM32MP131AAE3, STM32MP131AAF3, STM32MP131AAG3, STM32MP131CAE3, STM32MP131CAF3, STM32MP131CAG3, STM32MP131DAE7, STM32MP131DAF7, STM32MP131DAG7, STM32MP131FAE7, STM32MP131FAF7, STM32MP131FAG7, STM32MP133AAE3, STM32MP133AAF3, STM32MP133AAG3, STM32MP133CAE3, STM32MP133CAF3, STM32MP133CAG3, STM32MP133DAE7, STM32MP133DAF7, STM32MP133DAG7, STM32MP133FAE7, STM32MP133FAF7, STM32MP133FAG7, STM32MP135AAE3, STM32MP135AAF3, STM32MP135AAG3, STM32MP135CAE3, STM32MP135CAF3, STM32MP135CAG3, STM32MP135DAE7, STM32MP135DAF7, STM32MP135DAG7, STM32MP135F-DK, STM32MP135FAE7, STM32MP135FAF7, STM32MP135FAF7T, STM32MP135FAF7U, STM32MP135FAG7, STM32U535CBT6, STM32U535CBT6Q, STM32U535CBU6, STM32U535CBU6Q, STM32U535CCT6, STM32U535CCT6Q, STM32U535CCU6, STM32U535CCU6Q, STM32U535CET6, STM32U535CET6Q, STM32U535CEU6, STM32U535CEU6Q, STM32U535JEY6QTR, STM32U535NCY6QTR, STM32U535NEY6QTR, STM32U535RBI6, STM32U535RBI6Q, STM32U535RBT6, STM32U535RBT6Q, STM32U535RCI6, STM32U535RCI6Q, STM32U535RCT6, STM32U535RCT6Q, STM32U535REI6, STM32U535REI6Q, STM32U535RET6, STM32U535RET6Q, STM32U535VCI6, STM32U535VCI6Q, STM32U535VCT6, STM32U535VCT6Q, STM32U535VEI6, STM32U535VEI6Q, STM32U535VET6, STM32U535VET6Q, STM32U545CET6, STM32U545CET6Q, STM32U545CEU6, STM32U545CEU6Q, STM32U545JEY6QTR, STM32U545NEY6QTR, STM32U545REI6, STM32U545REI6Q, STM32U545RET6, STM32U545RET6Q, STM32U545VEI6, STM32U545VEI6Q, STM32U545VET6, STM32U545VET6Q, STM32U595AIH6, STM32U595AIH6Q, STM32U595AJH6, STM32U595AJH6Q, STM32U595QII6, STM32U595QII6Q, STM32U595QJI6, STM32U595QJI6Q, STM32U595RIT6, STM32U595RIT6Q, STM32U595RJT6, STM32U595RJT6Q, STM32U595VIT6, STM32U595VIT6Q, STM32U595VJT6, STM32U595VJT6Q, STM32U595ZIT6, STM32U595ZIT6Q, STM32U595ZIY6QTR, STM32U595ZJT6, STM32U595ZJT6Q, STM32U595ZJY6QTR, STM32U599BJY6QTR, STM32U599NIH6Q, STM32U599NJH6Q, STM32U599VIT6Q, STM32U599VJT6, STM32U599VJT6Q, STM32U599ZIT6Q, STM32U599ZIY6QTR, STM32U599ZJT6Q, STM32U599ZJY6QTR, STM32U5A5AJH6, STM32U5A5AJH6Q, STM32U5A5QJI6, STM32U5A5QJI6Q, STM32U5A5RJT6, STM32U5A5RJT6Q, STM32U5A5VJT6, STM32U5A5VJT6Q, STM32U5A5ZJT6, STM32U5A5ZJT6Q, STM32U5A5ZJY6QTR, STM32U5A9BJY6QTR, STM32U5A9J-DK, STM32U5A9NJH6Q, STM32U5A9VJT6Q, STM32U5A9ZJT6Q, STM32U5A9ZJY6QTR, STM32WB1MMCH6, STM32WBA52CEU6, STM32WBA52CEU6T, STM32WBA52CGU6, STM32WBA52CGU6T, STM32WL5MOCH6, STM32WL5MOCH6TR]
2023-05-04 16:43:04,448 [INFO] DbMcus:216 - Found 3775 MCUs, 3775 are supported
2023-05-04 16:43:04,450 [INFO] ApiDb:423 - Load user favorites file C:\Users\Hello/.stm32cubeide/favorites.mcus.txt: 0 item(s)
2023-05-04 16:43:04,450 [INFO] ApiDb:427 - User favorites MCUs=[]
2023-05-04 16:43:04,451 [INFO] DbMcus:222 - Set 0 / 0 favorites MCUs
2023-05-04 16:43:04,857 [WARN] ThirdParty:833 - waiting for thirdparty lock release [change project]
2023-05-04 16:43:04,857 [INFO] ThirdParty:835 - entering critical section [change project]
2023-05-04 16:43:04,857 [INFO] ThirdParty:1030 - CMSIS Pack Vendor :STMicroelectronics X-CUBE-ISPU 1.1.0
2023-05-04 16:43:04,857 [INFO] ThirdParty:1030 - CMSIS Pack Vendor :STMicroelectronics X-CUBE-GNSS1 6.0.0
2023-05-04 16:43:04,857 [INFO] ThirdParty:1030 - CMSIS Pack Vendor :STMicroelectronics USB_HOST 2.0.0
2023-05-04 16:43:04,857 [INFO] ThirdParty:1030 - CMSIS Pack Vendor :STMicroelectronics X-CUBE-AZRTOS-F4 1.1.0
2023-05-04 16:43:04,857 [INFO] ThirdParty:1030 - CMSIS Pack Vendor :STMicroelectronics LIBJPEG 8.0.0
2023-05-04 16:43:04,858 [INFO] ThirdParty:1030 - CMSIS Pack Vendor :STMicroelectronics X-CUBE-SMBUS 2.1.0
2023-05-04 16:43:04,858 [INFO] ThirdParty:1030 - CMSIS Pack Vendor :wolfSSL I-CUBE-wolfSSL 5.6.0
2023-05-04 16:43:04,858 [INFO] ThirdParty:1030 - CMSIS Pack Vendor :STMicroelectronics USB_DEVICE 3.0.0
2023-05-04 16:43:04,858 [INFO] ThirdParty:1030 - CMSIS Pack Vendor :STMicroelectronics X-CUBE-AI 8.0.0
2023-05-04 16:43:04,858 [INFO] ThirdParty:1030 - CMSIS Pack Vendor :STMicroelectronics X-CUBE-FREERTOS 1.0.0
2023-05-04 16:43:04,858 [INFO] ThirdParty:1030 - CMSIS Pack Vendor :STMicroelectronics X-CUBE-FREERTOS 1.0.1
2023-05-04 16:43:04,858 [INFO] ThirdParty:1030 - CMSIS Pack Vendor :STMicroelectronics X-CUBE-TOUCHGFX 4.21.3
2023-05-04 16:43:04,858 [INFO] ThirdParty:1030 - CMSIS Pack Vendor :STMicroelectronics X-CUBE-AZRTOS-F7 1.1.0
2023-05-04 16:43:04,858 [INFO] ThirdParty:1030 - CMSIS Pack Vendor :STMicroelectronics USB_DEVICE 2.0.0
2023-05-04 16:43:04,858 [INFO] ThirdParty:1030 - CMSIS Pack Vendor :STMicroelectronics X-CUBE-MEMS1 9.6.0
2023-05-04 16:43:04,858 [INFO] ThirdParty:1030 - CMSIS Pack Vendor :STMicroelectronics FP-SNS-MOTENV1 4.3.0
2023-05-04 16:43:04,858 [INFO] ThirdParty:1030 - CMSIS Pack Vendor :STMicroelectronics FP-SNS-FLIGHT1 5.0.0
2023-05-04 16:43:04,858 [INFO] ThirdParty:1030 - CMSIS Pack Vendor :STMicroelectronics X-CUBE-ALGOBUILD 1.3.0
2023-05-04 16:43:04,858 [INFO] ThirdParty:1030 - CMSIS Pack Vendor :STMicroelectronics X-CUBE-BLE1 6.2.4
2023-05-04 16:43:04,858 [INFO] ThirdParty:1030 - CMSIS Pack Vendor :STMicroelectronics X-CUBE-AZRTOS-L5 1.1.0
2023-05-04 16:43:04,858 [INFO] ThirdParty:1030 - CMSIS Pack Vendor :STMicroelectronics FreeRTOS 0.0.1
2023-05-04 16:43:04,858 [INFO] ThirdParty:1030 - CMSIS Pack Vendor :emotas I-CUBE-CANOPEN 1.1.3
2023-05-04 16:43:04,858 [INFO] ThirdParty:1030 - CMSIS Pack Vendor :STMicroelectronics X-CUBE-AZRTOS-G0 1.1.0
2023-05-04 16:43:04,858 [INFO] ThirdParty:1030 - CMSIS Pack Vendor :STMicroelectronics X-CUBE-SUBG2 5.0.0
2023-05-04 16:43:04,858 [INFO] ThirdParty:1030 - CMSIS Pack Vendor :STMicroelectronics X-CUBE-NFC4 3.0.0
2023-05-04 16:43:04,858 [INFO] ThirdParty:1030 - CMSIS Pack Vendor :STMicroelectronics STM32_WPAN 1.0.0
2023-05-04 16:43:04,858 [INFO] ThirdParty:1030 - CMSIS Pack Vendor :STMicroelectronics lwIP 2.0.3
2023-05-04 16:43:04,859 [INFO] ThirdParty:1030 - CMSIS Pack Vendor :STMicroelectronics USB_HOST 1.0.0
2023-05-04 16:43:04,859 [INFO] ThirdParty:1030 - CMSIS Pack Vendor :STMicroelectronics X-CUBE-AZRTOS-G4 2.0.0
2023-05-04 16:43:04,859 [INFO] ThirdParty:1030 - CMSIS Pack Vendor :STMicroelectronics PDM2PCM 3.1.0
2023-05-04 16:43:04,859 [INFO] ThirdParty:1030 - CMSIS Pack Vendor :STMicroelectronics X-CUBE-AZRTOS-H7 3.1.0
2023-05-04 16:43:04,859 [INFO] ThirdParty:1030 - CMSIS Pack Vendor :STMicroelectronics X-CUBE-TOF1 3.3.0
2023-05-04 16:43:04,859 [INFO] ThirdParty:1030 - CMSIS Pack Vendor :STMicroelectronics FP-ATR-ASTRA1 1.1.1
2023-05-04 16:43:04,859 [INFO] ThirdParty:1030 - CMSIS Pack Vendor :STMicroelectronics PDM2PCM 3.3.0
2023-05-04 16:43:04,859 [INFO] ThirdParty:1030 - CMSIS Pack Vendor :STMicroelectronics X-CUBE-DISPLAY 3.0.0
2023-05-04 16:43:04,859 [INFO] ThirdParty:1030 - CMSIS Pack Vendor :STMicroelectronics FP-ATR-SIGFOX1 3.2.0
2023-05-04 16:43:04,859 [INFO] ThirdParty:1030 - CMSIS Pack Vendor :STMicroelectronics X-CUBE-AZRTOS-L4 1.0.0
2023-05-04 16:43:04,859 [INFO] ThirdParty:1030 - CMSIS Pack Vendor :STMicroelectronics HAL Drivers 0.0.0
2023-05-04 16:43:04,859 [INFO] ThirdParty:1030 - CMSIS Pack Vendor :STMicroelectronics MBEDTLS 2.16.2
2023-05-04 16:43:04,859 [INFO] ThirdParty:1030 - CMSIS Pack Vendor :STMicroelectronics MBEDTLS 2.14.1
2023-05-04 16:43:04,859 [INFO] ThirdParty:1030 - CMSIS Pack Vendor :STMicroelectronics X-CUBE-NFC7 1.0.0
2023-05-04 16:43:04,859 [INFO] ThirdParty:1030 - CMSIS Pack Vendor :STMicroelectronics X-CUBE-AZRTOS-WL 1.0.0
2023-05-04 16:43:04,859 [INFO] ThirdParty:1030 - CMSIS Pack Vendor :STMicroelectronics X-CUBE-EEPRMA1 4.1.0
2023-05-04 16:43:04,859 [INFO] ThirdParty:1030 - CMSIS Pack Vendor :portGmbH I-Cube-SoM-uGOAL 1.1.0
2023-05-04 16:43:04,859 [INFO] ThirdParty:1030 - CMSIS Pack Vendor :STMicroelectronics X-CUBE-ALS 1.0.1
2023-05-04 16:43:04,860 [INFO] ThirdParty:1030 - CMSIS Pack Vendor :STMicroelectronics X-CUBE-MEMS1 9.5.0
2023-05-04 16:43:04,860 [INFO] ThirdParty:1030 - CMSIS Pack Vendor :STMicroelectronics ThreadX 1.0.0
2023-05-04 16:43:04,860 [INFO] ThirdParty:1030 - CMSIS Pack Vendor :STMicroelectronics X-CUBE-AZRTOS-WB 1.1.0
2023-05-04 16:43:04,860 [INFO] ThirdParty:1030 - CMSIS Pack Vendor :SEGGER I-CUBE-embOS 1.3.1
2023-05-04 16:43:04,860 [INFO] ThirdParty:1030 - CMSIS Pack Vendor :STMicroelectronics USB_DEVICE 1.0.0
2023-05-04 16:43:04,860 [INFO] ThirdParty:1030 - CMSIS Pack Vendor :STMicroelectronics ThreadX 0.0.2
2023-05-04 16:43:04,860 [INFO] ThirdParty:1030 - CMSIS Pack Vendor :WES I-CUBE-Cesium 1.3.0
2023-05-04 16:43:04,860 [INFO] ThirdParty:1030 - CMSIS Pack Vendor :STMicroelectronics FP-ATR-ASTRA1 2.0.0
2023-05-04 16:43:04,860 [INFO] ThirdParty:1030 - CMSIS Pack Vendor :STMicroelectronics lwIP 2.1.2
2023-05-04 16:43:04,860 [INFO] ThirdParty:1030 - CMSIS Pack Vendor :STMicroelectronics X-CUBE-SFXS2LP1 4.0.0
2023-05-04 16:43:04,860 [INFO] ThirdParty:1030 - CMSIS Pack Vendor :STMicroelectronics X-CUBE-BLE2 3.3.0
2023-05-04 16:43:04,860 [INFO] ThirdParty:1030 - CMSIS Pack Vendor :STMicroelectronics PDM2PCM 3.2.0
2023-05-04 16:43:04,861 [INFO] ThirdParty:841 - exiting critical section [change project]
2023-05-04 16:43:05,267 [INFO] PinOutPanel:1499 - setPackage(No Configuration,No Configuration)
2023-05-04 16:43:05,270 [INFO] PinOutPanel:1499 - setPackage(STM32F103RBTx,LQFP64)
2023-05-04 16:43:05,885 [INFO] UtilMem:75 - Before build in PCC Used Memory: 522026840 Bytes (722468864)
2023-05-04 16:43:06,950 [INFO] UtilMem:75 - After build in PCC Used Memory: 578215776 Bytes (722468864)
2023-05-04 16:43:06,991 [INFO] IPUIPlugin:80 - create IPUIPlugin
2023-05-04 16:43:06,991 [INFO] IPUIPlugin:80 - create IPUIPlugin
2023-05-04 16:43:06,992 [INFO] IPUIPlugin:80 - create IPUIPlugin
2023-05-04 16:43:06,992 [INFO] IPUIPlugin:80 - create IPUIPlugin
2023-05-04 16:43:06,992 [INFO] IPUIPlugin:80 - create IPUIPlugin
2023-05-04 16:43:06,992 [INFO] IPUIPlugin:80 - create IPUIPlugin
2023-05-04 16:43:06,992 [INFO] IPUIPlugin:80 - create IPUIPlugin
2023-05-04 16:43:06,992 [INFO] IPUIPlugin:80 - create IPUIPlugin
2023-05-04 16:43:06,992 [INFO] IPUIPlugin:80 - create IPUIPlugin
2023-05-04 16:43:06,992 [INFO] IPUIPlugin:80 - create IPUIPlugin
2023-05-04 16:43:06,993 [INFO] IPUIPlugin:80 - create IPUIPlugin
2023-05-04 16:43:06,994 [INFO] IPUIPlugin:80 - create IPUIPlugin
2023-05-04 16:43:06,994 [INFO] IPUIPlugin:80 - create IPUIPlugin
2023-05-04 16:43:06,995 [INFO] IPUIPlugin:80 - create IPUIPlugin
2023-05-04 16:43:06,995 [INFO] IPUIPlugin:80 - create IPUIPlugin
2023-05-04 16:43:06,995 [INFO] IPUIPlugin:80 - create IPUIPlugin
2023-05-04 16:43:06,996 [INFO] IPUIPlugin:80 - create IPUIPlugin
2023-05-04 16:43:06,996 [INFO] IPUIPlugin:80 - create IPUIPlugin
2023-05-04 16:43:06,996 [INFO] IPUIPlugin:80 - create IPUIPlugin
2023-05-04 16:43:06,997 [INFO] IPUIPlugin:80 - create IPUIPlugin
2023-05-04 16:43:06,998 [INFO] IPUIPlugin:80 - create IPUIPlugin
2023-05-04 16:43:06,998 [INFO] IPUIPlugin:80 - create IPUIPlugin
2023-05-04 16:43:06,999 [INFO] IPUIPlugin:80 - create IPUIPlugin
2023-05-04 16:43:06,999 [INFO] IPUIPlugin:80 - create IPUIPlugin
2023-05-04 16:43:07,000 [INFO] IPUIPlugin:80 - create IPUIPlugin
2023-05-04 16:43:07,000 [INFO] IPUIPlugin:80 - create IPUIPlugin
2023-05-04 16:43:07,001 [INFO] IPUIPlugin:80 - create IPUIPlugin
2023-05-04 16:43:07,017 [WARN] IP:2113 - I2C_Coeff_DF not found: check if there is a RefParameter without a condition.
2023-05-04 16:43:07,017 [WARN] IP:2113 - Analog_Filter not found: check if there is a RefParameter without a condition.
2023-05-04 16:43:07,298 [INFO] CADModel:165 - CPN selected for project levelSTM32F103RBT6
2023-05-04 16:43:07,298 [INFO] CADModel:114 - Register for checkConnection events
2023-05-04 16:43:07,343 [INFO] OpenFileManager:328 - Restore cursor
2023-05-04 16:43:07,495 [WARN] IP:2113 - I2C_Coeff_DF not found: check if there is a RefParameter without a condition.
2023-05-04 16:43:07,495 [WARN] IP:2113 - Analog_Filter not found: check if there is a RefParameter without a condition.
2023-05-04 16:43:07,496 [WARN] IP:2113 - I2C_Coeff_DF not found: check if there is a RefParameter without a condition.
2023-05-04 16:43:07,496 [WARN] IP:2113 - Analog_Filter not found: check if there is a RefParameter without a condition.
2023-05-04 16:45:39,333 [ERROR] LogOutputStream:75 - [STDERR_REDIRECT] Warning: NLS missing message: ExternalToolsPreferencePage_External_tool_project_builders_migration_2 in: org.eclipse.ui.externaltools.internal.ui.ExternalToolsUIMessages
2023-05-04 16:45:39,335 [ERROR] LogOutputStream:75 - [STDERR_REDIRECT] Warning: NLS missing message: ExternalToolsPreferencePage_Prompt_before_migrating_3 in: org.eclipse.ui.externaltools.internal.ui.ExternalToolsUIMessages
2023-05-04 16:45:39,337 [ERROR] LogOutputStream:75 - [STDERR_REDIRECT] Warning: NLS missing message: ExternalToolsPreferencePage_1 in: org.eclipse.ui.externaltools.internal.ui.ExternalToolsUIMessages
2023-05-04 17:05:25,538 [WARN] IP:2113 - I2C_Coeff_DF not found: check if there is a RefParameter without a condition.
2023-05-04 17:05:25,539 [WARN] IP:2113 - Analog_Filter not found: check if there is a RefParameter without a condition.
2023-05-04 17:05:25,540 [WARN] IP:2113 - I2C_Coeff_DF not found: check if there is a RefParameter without a condition.
2023-05-04 17:05:25,540 [WARN] IP:2113 - Analog_Filter not found: check if there is a RefParameter without a condition.
2023-05-04 17:05:25,561 [WARN] IP:2113 - I2C_Coeff_DF not found: check if there is a RefParameter without a condition.
2023-05-04 17:05:25,561 [WARN] IP:2113 - Analog_Filter not found: check if there is a RefParameter without a condition.
2023-05-04 17:05:25,579 [WARN] IP:2113 - I2C_Coeff_DF not found: check if there is a RefParameter without a condition.
2023-05-04 17:05:25,580 [WARN] IP:2113 - Analog_Filter not found: check if there is a RefParameter without a condition.
2023-05-04 17:05:38,635 [INFO] UtilMem:75 - End SaveConfig() Used Memory: 583522208 Bytes (722468864)
2023-05-04 17:05:40,101 [INFO] UtilMem:75 - End SaveConfig() Used Memory: 479812208 Bytes (722468864)
2023-05-04 17:05:41,964 [INFO] UtilMem:75 - End SaveConfig() Used Memory: 511036184 Bytes (722468864)
2023-05-04 17:05:42,573 [INFO] BlockDiagram:2759 - set Specific Code input for plugin: NVIC
2023-05-04 17:05:42,574 [INFO] BlockDiagram:2759 - set Specific Code input for plugin: TIM1_8F1
2023-05-04 17:05:42,574 [INFO] BlockDiagram:2759 - set Specific Code input for plugin: SYS
2023-05-04 17:05:42,574 [INFO] BlockDiagram:2759 - set Specific Code input for plugin: GPIO
2023-05-04 17:05:42,574 [INFO] BlockDiagram:2759 - set Specific Code input for plugin: RCC
2023-05-04 17:05:42,575 [INFO] BlockDiagram:2759 - set Specific Code input for plugin: I2C
2023-05-04 17:05:42,577 [INFO] CodeGenerator:793 - code generatio: config db path: C:\ST\STM32CubeIDE_1.12.0\STM32CubeIDE\plugins\com.st.stm32cube.common.mx_6.8.0.202302231600\\db\
2023-05-04 17:05:42,585 [WARN] IP:2113 - I2C_Coeff_DF not found: check if there is a RefParameter without a condition.
2023-05-04 17:05:42,586 [WARN] IP:2113 - Analog_Filter not found: check if there is a RefParameter without a condition.
2023-05-04 17:05:43,059 [INFO] CodeEngine:255 - oldGeneratedFile, C:\Users\Hello\Documents\GitHub\do-an-tkll\LCD_DHT20\MXTmpFiles\license.tmp_save
2023-05-04 17:05:43,575 [INFO] CodeEngine:279 - Generated code: C:\Users\Hello\Documents\GitHub\do-an-tkll\LCD_DHT20\MXTmpFiles\license.tmp
2023-05-04 17:05:43,713 [INFO] CodeEngine:255 - oldGeneratedFile, C:\Users\Hello\Documents\GitHub\do-an-tkll\LCD_DHT20\MXTmpFiles\gpio.tmp_save
2023-05-04 17:05:43,882 [INFO] CodeEngine:279 - Generated code: C:\Users\Hello\Documents\GitHub\do-an-tkll\LCD_DHT20\MXTmpFiles\gpio.tmp
2023-05-04 17:05:44,149 [INFO] CodeEngine:255 - oldGeneratedFile, C:\Users\Hello\Documents\GitHub\do-an-tkll\LCD_DHT20\Core\Src\stm32f1xx_it.c_save
2023-05-04 17:05:44,303 [INFO] CodeEngine:279 - Generated code: C:\Users\Hello\Documents\GitHub\do-an-tkll\LCD_DHT20\Core\Src\stm32f1xx_it.c
2023-05-04 17:05:44,316 [INFO] CodeEngine:255 - oldGeneratedFile, C:\Users\Hello\Documents\GitHub\do-an-tkll\LCD_DHT20\Core\Inc\stm32f1xx_it.h_save
2023-05-04 17:05:44,404 [INFO] CodeEngine:279 - Generated code: C:\Users\Hello\Documents\GitHub\do-an-tkll\LCD_DHT20\Core\Inc\stm32f1xx_it.h
2023-05-04 17:05:44,435 [INFO] CodeEngine:255 - oldGeneratedFile, C:\Users\Hello\Documents\GitHub\do-an-tkll\LCD_DHT20\Core\Src\stm32f1xx_hal_msp.c_save
2023-05-04 17:05:44,584 [INFO] CodeEngine:279 - Generated code: C:\Users\Hello\Documents\GitHub\do-an-tkll\LCD_DHT20\Core\Src\stm32f1xx_hal_msp.c
2023-05-04 17:05:44,597 [INFO] CodeEngine:255 - oldGeneratedFile, C:\Users\Hello\Documents\GitHub\do-an-tkll\LCD_DHT20\MXTmpFiles\system.tmp_save
2023-05-04 17:05:44,677 [INFO] CodeEngine:279 - Generated code: C:\Users\Hello\Documents\GitHub\do-an-tkll\LCD_DHT20\MXTmpFiles\system.tmp
2023-05-04 17:05:44,705 [INFO] CodeEngine:311 - oldGeneratedFile, C:\Users\Hello\Documents\GitHub\do-an-tkll\LCD_DHT20\Core\Inc\stm32f1xx_hal_conf.h_save
2023-05-04 17:05:44,821 [INFO] CodeEngine:335 - Generated code: C:\Users\Hello\Documents\GitHub\do-an-tkll\LCD_DHT20\Core\Inc\stm32f1xx_hal_conf.h
2023-05-04 17:05:44,856 [WARN] IPConfigManager:3431 - IP not found : TIM
2023-05-04 17:05:44,858 [WARN] CodeGenerator:3754 - IP not found : null
2023-05-04 17:05:44,878 [INFO] CodeEngine:255 - oldGeneratedFile, C:\Users\Hello\Documents\GitHub\do-an-tkll\LCD_DHT20\Core\Inc\main.h_save
2023-05-04 17:05:44,990 [INFO] CodeEngine:279 - Generated code: C:\Users\Hello\Documents\GitHub\do-an-tkll\LCD_DHT20\Core\Inc\main.h
2023-05-04 17:05:45,012 [INFO] CodeEngine:255 - oldGeneratedFile, C:\Users\Hello\Documents\GitHub\do-an-tkll\LCD_DHT20\Core\Src\main.c_save
2023-05-04 17:05:45,159 [INFO] CodeEngine:279 - Generated code: C:\Users\Hello\Documents\GitHub\do-an-tkll\LCD_DHT20\Core\Src\main.c
2023-05-04 17:05:46,093 [INFO] ProjectBuilder:2996 - Time for Copy HAL[1] : 251mS.
2023-05-04 17:05:46,107 [INFO] ProjectBuilder:4304 - Project Generator version: 3.19.2
2023-05-04 17:05:46,450 [INFO] ConfigFileManager:1483 - The Die is : DIE410
2023-05-04 17:05:46,485 [INFO] ApiDbMcu:507 - Load IP Config File for FATFS
2023-05-04 17:05:46,519 [INFO] ApiDbMcu:507 - Load IP Config File for FREERTOS
2023-05-04 17:05:46,548 [INFO] ApiDbMcu:507 - Load IP Config File for USB_DEVICE
2023-05-04 17:05:47,862 [INFO] LogOutputStream:77 - [STDOUT_REDIRECT] 
2023-05-04 17:05:49,279 [INFO] ProjectBuilder:4505 - Time for Generating toolchain IDE Files: 3171mS.
2023-05-04 17:05:49,281 [INFO] ProjectBuilder:2867 - Time for Copy CMSIS : 1mS.
2023-05-04 17:05:49,283 [INFO] ProjectBuilder:2867 - Time for Copy CMSIS : 0mS.
2023-05-04 17:17:38,156 [WARN] IP:2113 - I2C_Coeff_DF not found: check if there is a RefParameter without a condition.
2023-05-04 17:17:38,156 [WARN] IP:2113 - Analog_Filter not found: check if there is a RefParameter without a condition.
2023-05-04 17:17:45,417 [WARN] IP:2113 - I2C_Coeff_DF not found: check if there is a RefParameter without a condition.
2023-05-04 17:17:45,417 [WARN] IP:2113 - Analog_Filter not found: check if there is a RefParameter without a condition.
2023-05-04 17:17:45,445 [WARN] IP:2113 - I2C_Coeff_DF not found: check if there is a RefParameter without a condition.
2023-05-04 17:17:45,446 [WARN] IP:2113 - Analog_Filter not found: check if there is a RefParameter without a condition.
2023-05-04 17:17:45,446 [WARN] IP:2113 - I2C_Coeff_DF not found: check if there is a RefParameter without a condition.
2023-05-04 17:17:45,446 [WARN] IP:2113 - Analog_Filter not found: check if there is a RefParameter without a condition.
2023-05-04 17:17:45,547 [WARN] IP:2113 - I2C_Coeff_DF not found: check if there is a RefParameter without a condition.
2023-05-04 17:17:45,547 [WARN] IP:2113 - Analog_Filter not found: check if there is a RefParameter without a condition.
2023-05-04 17:17:45,547 [WARN] IP:2113 - I2C_Coeff_DF not found: check if there is a RefParameter without a condition.
2023-05-04 17:17:45,547 [WARN] IP:2113 - Analog_Filter not found: check if there is a RefParameter without a condition.
2023-05-04 17:17:45,559 [WARN] IP:2113 - I2C_Coeff_DF not found: check if there is a RefParameter without a condition.
2023-05-04 17:17:45,559 [WARN] IP:2113 - Analog_Filter not found: check if there is a RefParameter without a condition.
2023-05-04 17:17:45,571 [WARN] IP:2113 - I2C_Coeff_DF not found: check if there is a RefParameter without a condition.
2023-05-04 17:17:45,571 [WARN] IP:2113 - Analog_Filter not found: check if there is a RefParameter without a condition.
2023-05-04 17:17:50,014 [INFO] UtilMem:75 - End SaveConfig() Used Memory: 509386360 Bytes (868220928)
2023-05-04 17:17:50,902 [INFO] UtilMem:75 - End SaveConfig() Used Memory: 515002080 Bytes (868220928)
2023-05-04 17:17:52,327 [INFO] UtilMem:75 - End SaveConfig() Used Memory: 547043232 Bytes (868220928)
2023-05-04 17:17:52,568 [INFO] BlockDiagram:2759 - set Specific Code input for plugin: NVIC
2023-05-04 17:17:52,568 [INFO] BlockDiagram:2759 - set Specific Code input for plugin: TIM1_8F1
2023-05-04 17:17:52,568 [INFO] BlockDiagram:2759 - set Specific Code input for plugin: SYS
2023-05-04 17:17:52,568 [INFO] BlockDiagram:2759 - set Specific Code input for plugin: GPIO
2023-05-04 17:17:52,568 [INFO] BlockDiagram:2759 - set Specific Code input for plugin: RCC
2023-05-04 17:17:52,568 [INFO] BlockDiagram:2759 - set Specific Code input for plugin: I2C
2023-05-04 17:17:52,569 [INFO] CodeGenerator:793 - code generatio: config db path: C:\ST\STM32CubeIDE_1.12.0\STM32CubeIDE\plugins\com.st.stm32cube.common.mx_6.8.0.202302231600\\db\
2023-05-04 17:17:52,571 [WARN] IP:2113 - I2C_Coeff_DF not found: check if there is a RefParameter without a condition.
2023-05-04 17:17:52,572 [WARN] IP:2113 - Analog_Filter not found: check if there is a RefParameter without a condition.
2023-05-04 17:17:52,709 [INFO] CodeEngine:255 - oldGeneratedFile, C:\Users\Hello\Documents\GitHub\do-an-tkll\LCD_DHT20\MXTmpFiles\license.tmp_save
2023-05-04 17:17:52,807 [INFO] CodeEngine:279 - Generated code: C:\Users\Hello\Documents\GitHub\do-an-tkll\LCD_DHT20\MXTmpFiles\license.tmp
2023-05-04 17:17:52,882 [INFO] CodeEngine:255 - oldGeneratedFile, C:\Users\Hello\Documents\GitHub\do-an-tkll\LCD_DHT20\MXTmpFiles\gpio.tmp_save
2023-05-04 17:17:53,013 [INFO] CodeEngine:279 - Generated code: C:\Users\Hello\Documents\GitHub\do-an-tkll\LCD_DHT20\MXTmpFiles\gpio.tmp
2023-05-04 17:17:53,144 [INFO] CodeEngine:255 - oldGeneratedFile, C:\Users\Hello\Documents\GitHub\do-an-tkll\LCD_DHT20\Core\Src\stm32f1xx_it.c_save
2023-05-04 17:17:53,320 [INFO] CodeEngine:279 - Generated code: C:\Users\Hello\Documents\GitHub\do-an-tkll\LCD_DHT20\Core\Src\stm32f1xx_it.c
2023-05-04 17:17:53,325 [INFO] CodeEngine:255 - oldGeneratedFile, C:\Users\Hello\Documents\GitHub\do-an-tkll\LCD_DHT20\Core\Inc\stm32f1xx_it.h_save
2023-05-04 17:17:53,396 [INFO] CodeEngine:279 - Generated code: C:\Users\Hello\Documents\GitHub\do-an-tkll\LCD_DHT20\Core\Inc\stm32f1xx_it.h
2023-05-04 17:17:53,419 [INFO] CodeEngine:255 - oldGeneratedFile, C:\Users\Hello\Documents\GitHub\do-an-tkll\LCD_DHT20\Core\Src\stm32f1xx_hal_msp.c_save
2023-05-04 17:17:53,665 [INFO] CodeEngine:279 - Generated code: C:\Users\Hello\Documents\GitHub\do-an-tkll\LCD_DHT20\Core\Src\stm32f1xx_hal_msp.c
2023-05-04 17:17:53,671 [INFO] CodeEngine:255 - oldGeneratedFile, C:\Users\Hello\Documents\GitHub\do-an-tkll\LCD_DHT20\MXTmpFiles\system.tmp_save
2023-05-04 17:17:53,748 [INFO] CodeEngine:279 - Generated code: C:\Users\Hello\Documents\GitHub\do-an-tkll\LCD_DHT20\MXTmpFiles\system.tmp
2023-05-04 17:17:53,773 [INFO] CodeEngine:311 - oldGeneratedFile, C:\Users\Hello\Documents\GitHub\do-an-tkll\LCD_DHT20\Core\Inc\stm32f1xx_hal_conf.h_save
2023-05-04 17:17:53,932 [INFO] CodeEngine:335 - Generated code: C:\Users\Hello\Documents\GitHub\do-an-tkll\LCD_DHT20\Core\Inc\stm32f1xx_hal_conf.h
2023-05-04 17:17:53,963 [WARN] IPConfigManager:3431 - IP not found : TIM
2023-05-04 17:17:53,964 [WARN] CodeGenerator:3754 - IP not found : null
2023-05-04 17:17:53,986 [INFO] CodeEngine:255 - oldGeneratedFile, C:\Users\Hello\Documents\GitHub\do-an-tkll\LCD_DHT20\Core\Inc\main.h_save
2023-05-04 17:17:54,086 [INFO] CodeEngine:279 - Generated code: C:\Users\Hello\Documents\GitHub\do-an-tkll\LCD_DHT20\Core\Inc\main.h
2023-05-04 17:17:54,098 [INFO] CodeEngine:255 - oldGeneratedFile, C:\Users\Hello\Documents\GitHub\do-an-tkll\LCD_DHT20\Core\Src\main.c_save
2023-05-04 17:17:54,214 [INFO] CodeEngine:279 - Generated code: C:\Users\Hello\Documents\GitHub\do-an-tkll\LCD_DHT20\Core\Src\main.c
2023-05-04 17:17:54,803 [INFO] ProjectBuilder:2996 - Time for Copy HAL[1] : 146mS.
2023-05-04 17:17:54,806 [INFO] ProjectBuilder:4304 - Project Generator version: 3.19.2
2023-05-04 17:17:55,091 [INFO] ConfigFileManager:1483 - The Die is : DIE410
2023-05-04 17:17:56,472 [INFO] ProjectBuilder:4505 - Time for Generating toolchain IDE Files: 1666mS.
2023-05-04 17:17:56,476 [INFO] ProjectBuilder:2867 - Time for Copy CMSIS : 0mS.
2023-05-04 17:17:56,479 [INFO] ProjectBuilder:2867 - Time for Copy CMSIS : 0mS.
2023-05-04 17:53:44,125 [INFO] MainUpdater:2854 - connection check result : 10
2023-05-04 17:53:44,137 [INFO] McuFinderGlobals:66 - Set McuFinderConnectedMode to true
2023-05-04 17:53:44,373 [INFO] ServerAccessManage:473 - Download File mcusAds.json._tmp_
2023-05-04 17:53:44,512 [INFO] LoadUrlFilesThread:156 - End of LoadUrlFiles Thread
2023-05-04 17:53:44,948 [INFO] ServerAccessManage:473 - Download File cube-finder-db.zip
2023-05-04 17:54:07,417 [INFO] FileExtend:240 - Unzip File : cube-finder-db.zip
2023-05-04 17:54:07,417 [INFO] FileExtend:255 - Standard Zip Deflate
2023-05-04 17:54:08,322 [INFO] LoadUrlFilesThread:156 - End of LoadUrlFiles Thread
2023-05-04 17:54:09,616 [INFO] ServerAccessManage:473 - Download File crdb.zip
2023-05-04 17:54:14,168 [INFO] FileExtend:240 - Unzip File : crdb.zip
2023-05-04 17:54:14,168 [INFO] FileExtend:255 - Standard Zip Deflate
2023-05-04 17:54:14,343 [INFO] LoadUrlFilesThread:156 - End of LoadUrlFiles Thread
2023-05-04 17:54:14,796 [INFO] ServerAccessManage:473 - Download File tutoVideoDB.zip
2023-05-04 17:54:14,888 [INFO] FileExtend:240 - Unzip File : tutoVideoDB.zip
2023-05-04 17:54:14,888 [INFO] FileExtend:255 - Standard Zip Deflate
2023-05-04 17:54:15,046 [INFO] LoadUrlFilesThread:156 - End of LoadUrlFiles Thread
2023-05-04 17:54:15,057 [WARN] DbFile:41 - Overriding database path with different value: C:\Users\Hello\.stmcufinder\plugins\mcufinder/ => C:\Users\Hello\.stmcufinder\plugins\mcufinder
2023-05-04 17:54:15,218 [INFO] ServerAccessManage:473 - Download File api_config.json
2023-05-04 17:54:15,357 [INFO] LoadUrlFilesThread:156 - End of LoadUrlFiles Thread
2023-05-04 17:54:15,358 [INFO] DbMcusAds:53 - JSON generation date=Tue Mar 07 15:50:55 ICT 2023 (1678179055335)
2023-05-04 17:54:15,366 [INFO] ApiDb:448 - Save user favorites file C:\Users\Hello/.stm32cubeide/favorites.mcus.txt: 0 item(s)
2023-05-04 17:54:15,368 [INFO] ApiDb:452 - User favorites MCUs=[]
2023-05-04 17:54:15,380 [INFO] ApiDb:581 - Connected to CubeFinder SQLite database (C:\Users\Hello\.stmcufinder\plugins\mcufinder\mcu\cube-finder-db.db)
2023-05-04 17:54:15,428 [INFO] ApiDb:668 - CubeFinder database Data Model version=2.1
2023-05-04 17:54:15,428 [INFO] ApiDb:669 - CubeFinder database Configuration version=3.0.35
2023-05-04 17:54:15,428 [INFO] ApiDb:670 - CubeFinder database generation date=2023-04-03 (1680511692)
2023-05-04 17:54:15,428 [INFO] ApiDb:671 - CubeFinder database FW Pack versions=[FP-ATR-ASTRA1_V2.0.0, STM32Cube_FW_C0_V1.0.1, STM32Cube_FW_F0_V1.11.4, STM32Cube_FW_F3_V1.11.4, STM32Cube_FW_F4_V1.27.1, STM32Cube_FW_F7_V1.17.0, STM32Cube_FW_G0_V1.6.1, STM32Cube_FW_G4_V1.5.1, STM32Cube_FW_H5_V0.5.1, STM32Cube_FW_H5_V1.0.0, STM32Cube_FW_H7_V1.11.0, STM32Cube_FW_L0_V1.12.2, STM32Cube_FW_L5_V1.5.0, STM32Cube_FW_U5_V1.2.0, STM32Cube_FW_WBA_V1.0.0, STM32Cube_FW_WBA_V1.0.0RC1, STM32Cube_FW_WBA_V1.0.0RC3, STM32Cube_FW_WB_V1.15.0RC1, STM32Cube_FW_WB_V1.16.0, STM32Cube_FW_WB_V1.16.0RC2, STM32Cube_FW_WL_V1.3.0, X-CUBE-ALGOBUILD_V1.3.0, X-CUBE-ALS_V1.0.1, X-CUBE-AZRTOS-F4_V1.1.0, X-CUBE-AZRTOS-F7_V1.1.0, X-CUBE-AZRTOS-G0_V1.1.0, X-CUBE-AZRTOS-G4_V1.0.0, X-CUBE-AZRTOS-H7_V3.0.0, X-CUBE-AZRTOS-L4_V1.0.0, X-CUBE-AZRTOS-L5_V1.1.0, X-CUBE-AZRTOS-WB_V1.1.0, X-CUBE-AZRTOS-WL_V1.0.0, X-CUBE-BLE1_V6.2.4, X-CUBE-BLE2_V3.3.0, X-CUBE-BLEMGR_V1.3.0, X-CUBE-EEPRMA1_V4.1.0, X-CUBE-FREERTOS_V1.0.1, X-CUBE-GNSS1_V6.0.0, X-CUBE-MEMS1_V9.1.0, X-CUBE-MEMS1_V9.4.0, X-CUBE-MEMS1_V9.5.0, X-CUBE-NFC4_V3.0.0, X-CUBE-NFC7_V1.0.0, X-CUBE-SFXS2LP1_V4.0.0, X-CUBE-SUBG2_V5.0.0]
2023-05-04 17:54:16,963 [INFO] ApiDb:240 - Found 297 in-development CPN: [B-G473E-ZEST1S, B-WB1M-WPAN1, B-WL5M-SUBG1, NUCLEO-C031C6, NUCLEO-H503RB, NUCLEO-H563ZI, NUCLEO-U545RE-Q, NUCLEO-U5A5ZJ-Q, NUCLEO-WBA52CG, STEVAL-PROTEUS1, STEVAL-STWINBX1, STM320518-EVAL, STM32C0116-DK, STM32C011D6Y3TR, STM32C011D6Y6TR, STM32C011F4P3, STM32C011F4P6, STM32C011F4U3, STM32C011F4U6TR, STM32C011F6P3, STM32C011F6P6, STM32C011F6U3, STM32C011F6U6TR, STM32C011J4M3, STM32C011J4M6, STM32C011J6M3, STM32C011J6M6, STM32C0316-DK, STM32C031C4T3, STM32C031C4T6, STM32C031C4U3, STM32C031C4U6, STM32C031C6T3, STM32C031C6T6, STM32C031C6U3, STM32C031C6U6, STM32C031F4P3, STM32C031F4P6, STM32C031F6P3, STM32C031F6P6, STM32C031G4U3, STM32C031G4U6, STM32C031G6U3, STM32C031G6U6, STM32C031K4T3, STM32C031K4T6, STM32C031K4U3, STM32C031K4U6, STM32C031K6T3, STM32C031K6T6, STM32C031K6U3, STM32C031K6U6, STM32G071K8TXN, STM32G071K8UXN, STM32G081GBU6N, STM32G081KBT6N, STM32G081KBUXN, STM32G0B1CCT6N, STM32G0B1KCT6, STM32G0B1NEY6TR, STM32G0B1RCT6N, STM32G0C1CCT6, STM32G0C1CCT6N, STM32G0C1CCU6N, STM32G0C1CET6N, STM32G0C1CEU6N, STM32G0C1KCT6, STM32G0C1NEY6TR, STM32G0C1RCI6N, STM32G0C1RCT6N, STM32G0C1REI6N, STM32G0C1RET6N, STM32G0C1VCI6, STM32G0C1VEI6, STM32G471CCT6, STM32G471CCU6, STM32G471CET3, STM32G471CET6, STM32G471CEU3, STM32G471CEU6, STM32G471MCT6, STM32G471MET3, STM32G471MET6, STM32G471MEY6TR, STM32G471QCT6, STM32G471QET3, STM32G471RCT6, STM32G471RET3, STM32G471RET6, STM32G471VCH6, STM32G471VCI6, STM32G471VCT6, STM32G471VEH3, STM32G471VEH6, STM32G471VEI3, STM32G471VEI6, STM32G471VET3, STM32G471VET6, STM32G474CCT6, STM32H503CBT6, STM32H503CBU6, STM32H503EBY6TR, STM32H503KBU6, STM32H503RBT6, STM32H562AGI6, STM32H562AII6, STM32H562IGK6, STM32H562IGT6, STM32H562IIK6, STM32H562IIT6, STM32H562RGT6, STM32H562RGV6, STM32H562RIT6, STM32H562RIV6, STM32H562VGT6, STM32H562VIT6, STM32H562ZGT6, STM32H562ZIT6, STM32H563AGI6, STM32H563AII3Q, STM32H563AII6, STM32H563IGK6, STM32H563IGT6, STM32H563IIK3Q, STM32H563IIK6, STM32H563IIT3Q, STM32H563IIT6, STM32H563MIY3QTR, STM32H563RGT6, STM32H563RGV6, STM32H563RIT6, STM32H563RIV6, STM32H563VGT6, STM32H563VIT3Q, STM32H563VIT6, STM32H563ZGT6, STM32H563ZIT3Q, STM32H563ZIT6, STM32H573AII3Q, STM32H573AII6, STM32H573I-DK, STM32H573IIK3Q, STM32H573IIK6, STM32H573IIT3Q, STM32H573IIT6, STM32H573MIY3QTR, STM32H573RIT6, STM32H573RIV6, STM32H573VIT3Q, STM32H573VIT6, STM32H573ZIT3Q, STM32H573ZIT6, STM32L4R5QGI6STR, STM32MP131AAE3, STM32MP131AAF3, STM32MP131AAG3, STM32MP131CAE3, STM32MP131CAF3, STM32MP131CAG3, STM32MP131DAE7, STM32MP131DAF7, STM32MP131DAG7, STM32MP131FAE7, STM32MP131FAF7, STM32MP131FAG7, STM32MP133AAE3, STM32MP133AAF3, STM32MP133AAG3, STM32MP133CAE3, STM32MP133CAF3, STM32MP133CAG3, STM32MP133DAE7, STM32MP133DAF7, STM32MP133DAG7, STM32MP133FAE7, STM32MP133FAF7, STM32MP133FAG7, STM32MP135AAE3, STM32MP135AAF3, STM32MP135AAG3, STM32MP135CAE3, STM32MP135CAF3, STM32MP135CAG3, STM32MP135DAE7, STM32MP135DAF7, STM32MP135DAG7, STM32MP135F-DK, STM32MP135FAE7, STM32MP135FAF7, STM32MP135FAF7T, STM32MP135FAF7U, STM32MP135FAG7, STM32U535CBT6, STM32U535CBT6Q, STM32U535CBU6, STM32U535CBU6Q, STM32U535CCT6, STM32U535CCT6Q, STM32U535CCU6, STM32U535CCU6Q, STM32U535CET6, STM32U535CET6Q, STM32U535CEU6, STM32U535CEU6Q, STM32U535JEY6QTR, STM32U535NCY6QTR, STM32U535NEY6QTR, STM32U535RBI6, STM32U535RBI6Q, STM32U535RBT6, STM32U535RBT6Q, STM32U535RCI6, STM32U535RCI6Q, STM32U535RCT6, STM32U535RCT6Q, STM32U535REI6, STM32U535REI6Q, STM32U535RET6, STM32U535RET6Q, STM32U535VCI6, STM32U535VCI6Q, STM32U535VCT6, STM32U535VCT6Q, STM32U535VEI6, STM32U535VEI6Q, STM32U535VET6, STM32U535VET6Q, STM32U545CET6, STM32U545CET6Q, STM32U545CEU6, STM32U545CEU6Q, STM32U545JEY6QTR, STM32U545NEY6QTR, STM32U545REI6, STM32U545REI6Q, STM32U545RET6, STM32U545RET6Q, STM32U545VEI6, STM32U545VEI6Q, STM32U545VET6, STM32U545VET6Q, STM32U595AIH6, STM32U595AIH6Q, STM32U595AJH6, STM32U595AJH6Q, STM32U595QII6, STM32U595QII6Q, STM32U595QJI6, STM32U595QJI6Q, STM32U595RIT6, STM32U595RIT6Q, STM32U595RJT6, STM32U595RJT6Q, STM32U595VIT6, STM32U595VIT6Q, STM32U595VJT6, STM32U595VJT6Q, STM32U595ZIT6, STM32U595ZIT6Q, STM32U595ZIY6QTR, STM32U595ZJT6, STM32U595ZJT6Q, STM32U595ZJY6QTR, STM32U599BJY6QTR, STM32U599NIH6Q, STM32U599NJH6Q, STM32U599VIT6Q, STM32U599VJT6, STM32U599VJT6Q, STM32U599ZIT6Q, STM32U599ZIY6QTR, STM32U599ZJT6Q, STM32U599ZJY6QTR, STM32U5A5AJH6, STM32U5A5AJH6Q, STM32U5A5QJI6, STM32U5A5QJI6Q, STM32U5A5RJT6, STM32U5A5RJT6Q, STM32U5A5VJT6, STM32U5A5VJT6Q, STM32U5A5ZJT6, STM32U5A5ZJT6Q, STM32U5A5ZJY6QTR, STM32U5A9BJY6QTR, STM32U5A9J-DK, STM32U5A9NJH6Q, STM32U5A9VJT6Q, STM32U5A9ZJT6Q, STM32U5A9ZJY6QTR, STM32WB1MMCH6, STM32WBA52CEU6, STM32WBA52CEU6T, STM32WBA52CGU6, STM32WBA52CGU6T, STM32WL5MOCH6, STM32WL5MOCH6TR]
2023-05-04 17:54:16,967 [INFO] DbMcus:216 - Found 3775 MCUs, 3775 are supported
2023-05-04 17:54:16,967 [INFO] ApiDb:423 - Load user favorites file C:\Users\Hello/.stm32cubeide/favorites.mcus.txt: 0 item(s)
2023-05-04 17:54:16,968 [INFO] ApiDb:427 - User favorites MCUs=[]
2023-05-04 17:54:16,968 [INFO] DbMcus:222 - Set 0 / 0 favorites MCUs
2023-05-04 17:54:17,215 [INFO] LoadUrlFilesThread:185 - End of LoadServerUrlFiles without Thread
2023-05-04 17:54:17,215 [INFO] TargetSelectorAdapter:259 - Refresh data is successful
2023-05-04 17:54:17,220 [INFO] ApiDb:668 - CubeFinder database Data Model version=2.1
2023-05-04 17:54:17,220 [INFO] ApiDb:669 - CubeFinder database Configuration version=3.0.35
2023-05-04 17:54:17,220 [INFO] ApiDb:670 - CubeFinder database generation date=2023-04-03 (1680511692)
2023-05-04 17:54:17,220 [INFO] ApiDb:671 - CubeFinder database FW Pack versions=[FP-ATR-ASTRA1_V2.0.0, STM32Cube_FW_C0_V1.0.1, STM32Cube_FW_F0_V1.11.4, STM32Cube_FW_F3_V1.11.4, STM32Cube_FW_F4_V1.27.1, STM32Cube_FW_F7_V1.17.0, STM32Cube_FW_G0_V1.6.1, STM32Cube_FW_G4_V1.5.1, STM32Cube_FW_H5_V0.5.1, STM32Cube_FW_H5_V1.0.0, STM32Cube_FW_H7_V1.11.0, STM32Cube_FW_L0_V1.12.2, STM32Cube_FW_L5_V1.5.0, STM32Cube_FW_U5_V1.2.0, STM32Cube_FW_WBA_V1.0.0, STM32Cube_FW_WBA_V1.0.0RC1, STM32Cube_FW_WBA_V1.0.0RC3, STM32Cube_FW_WB_V1.15.0RC1, STM32Cube_FW_WB_V1.16.0, STM32Cube_FW_WB_V1.16.0RC2, STM32Cube_FW_WL_V1.3.0, X-CUBE-ALGOBUILD_V1.3.0, X-CUBE-ALS_V1.0.1, X-CUBE-AZRTOS-F4_V1.1.0, X-CUBE-AZRTOS-F7_V1.1.0, X-CUBE-AZRTOS-G0_V1.1.0, X-CUBE-AZRTOS-G4_V1.0.0, X-CUBE-AZRTOS-H7_V3.0.0, X-CUBE-AZRTOS-L4_V1.0.0, X-CUBE-AZRTOS-L5_V1.1.0, X-CUBE-AZRTOS-WB_V1.1.0, X-CUBE-AZRTOS-WL_V1.0.0, X-CUBE-BLE1_V6.2.4, X-CUBE-BLE2_V3.3.0, X-CUBE-BLEMGR_V1.3.0, X-CUBE-EEPRMA1_V4.1.0, X-CUBE-FREERTOS_V1.0.1, X-CUBE-GNSS1_V6.0.0, X-CUBE-MEMS1_V9.1.0, X-CUBE-MEMS1_V9.4.0, X-CUBE-MEMS1_V9.5.0, X-CUBE-NFC4_V3.0.0, X-CUBE-NFC7_V1.0.0, X-CUBE-SFXS2LP1_V4.0.0, X-CUBE-SUBG2_V5.0.0]
2023-05-04 17:54:17,271 [INFO] DbBoardsSqlite:226 - include board P-NUCLEO-WB55-NUCLEO as a kit item of type 'Nucleo-64'
2023-05-04 17:54:17,271 [INFO] DbBoardsSqlite:226 - include board P-NUCLEO-WB55-USBDONGLE as a kit item of type 'Nucleo USB Dongle'
2023-05-04 17:54:17,271 [INFO] DbBoardsSqlite:226 - include board STEVAL-IDP005V1 as a kit item of type 'Evaluation Board'
2023-05-04 17:54:17,271 [INFO] DbBoardsSqlite:226 - include board STEVAL-IDP005V2 as a kit item of type 'Evaluation Board'
2023-05-04 17:54:17,309 [INFO] ApiDb:240 - Found 297 in-development CPN: [B-G473E-ZEST1S, B-WB1M-WPAN1, B-WL5M-SUBG1, NUCLEO-C031C6, NUCLEO-H503RB, NUCLEO-H563ZI, NUCLEO-U545RE-Q, NUCLEO-U5A5ZJ-Q, NUCLEO-WBA52CG, STEVAL-PROTEUS1, STEVAL-STWINBX1, STM320518-EVAL, STM32C0116-DK, STM32C011D6Y3TR, STM32C011D6Y6TR, STM32C011F4P3, STM32C011F4P6, STM32C011F4U3, STM32C011F4U6TR, STM32C011F6P3, STM32C011F6P6, STM32C011F6U3, STM32C011F6U6TR, STM32C011J4M3, STM32C011J4M6, STM32C011J6M3, STM32C011J6M6, STM32C0316-DK, STM32C031C4T3, STM32C031C4T6, STM32C031C4U3, STM32C031C4U6, STM32C031C6T3, STM32C031C6T6, STM32C031C6U3, STM32C031C6U6, STM32C031F4P3, STM32C031F4P6, STM32C031F6P3, STM32C031F6P6, STM32C031G4U3, STM32C031G4U6, STM32C031G6U3, STM32C031G6U6, STM32C031K4T3, STM32C031K4T6, STM32C031K4U3, STM32C031K4U6, STM32C031K6T3, STM32C031K6T6, STM32C031K6U3, STM32C031K6U6, STM32G071K8TXN, STM32G071K8UXN, STM32G081GBU6N, STM32G081KBT6N, STM32G081KBUXN, STM32G0B1CCT6N, STM32G0B1KCT6, STM32G0B1NEY6TR, STM32G0B1RCT6N, STM32G0C1CCT6, STM32G0C1CCT6N, STM32G0C1CCU6N, STM32G0C1CET6N, STM32G0C1CEU6N, STM32G0C1KCT6, STM32G0C1NEY6TR, STM32G0C1RCI6N, STM32G0C1RCT6N, STM32G0C1REI6N, STM32G0C1RET6N, STM32G0C1VCI6, STM32G0C1VEI6, STM32G471CCT6, STM32G471CCU6, STM32G471CET3, STM32G471CET6, STM32G471CEU3, STM32G471CEU6, STM32G471MCT6, STM32G471MET3, STM32G471MET6, STM32G471MEY6TR, STM32G471QCT6, STM32G471QET3, STM32G471RCT6, STM32G471RET3, STM32G471RET6, STM32G471VCH6, STM32G471VCI6, STM32G471VCT6, STM32G471VEH3, STM32G471VEH6, STM32G471VEI3, STM32G471VEI6, STM32G471VET3, STM32G471VET6, STM32G474CCT6, STM32H503CBT6, STM32H503CBU6, STM32H503EBY6TR, STM32H503KBU6, STM32H503RBT6, STM32H562AGI6, STM32H562AII6, STM32H562IGK6, STM32H562IGT6, STM32H562IIK6, STM32H562IIT6, STM32H562RGT6, STM32H562RGV6, STM32H562RIT6, STM32H562RIV6, STM32H562VGT6, STM32H562VIT6, STM32H562ZGT6, STM32H562ZIT6, STM32H563AGI6, STM32H563AII3Q, STM32H563AII6, STM32H563IGK6, STM32H563IGT6, STM32H563IIK3Q, STM32H563IIK6, STM32H563IIT3Q, STM32H563IIT6, STM32H563MIY3QTR, STM32H563RGT6, STM32H563RGV6, STM32H563RIT6, STM32H563RIV6, STM32H563VGT6, STM32H563VIT3Q, STM32H563VIT6, STM32H563ZGT6, STM32H563ZIT3Q, STM32H563ZIT6, STM32H573AII3Q, STM32H573AII6, STM32H573I-DK, STM32H573IIK3Q, STM32H573IIK6, STM32H573IIT3Q, STM32H573IIT6, STM32H573MIY3QTR, STM32H573RIT6, STM32H573RIV6, STM32H573VIT3Q, STM32H573VIT6, STM32H573ZIT3Q, STM32H573ZIT6, STM32L4R5QGI6STR, STM32MP131AAE3, STM32MP131AAF3, STM32MP131AAG3, STM32MP131CAE3, STM32MP131CAF3, STM32MP131CAG3, STM32MP131DAE7, STM32MP131DAF7, STM32MP131DAG7, STM32MP131FAE7, STM32MP131FAF7, STM32MP131FAG7, STM32MP133AAE3, STM32MP133AAF3, STM32MP133AAG3, STM32MP133CAE3, STM32MP133CAF3, STM32MP133CAG3, STM32MP133DAE7, STM32MP133DAF7, STM32MP133DAG7, STM32MP133FAE7, STM32MP133FAF7, STM32MP133FAG7, STM32MP135AAE3, STM32MP135AAF3, STM32MP135AAG3, STM32MP135CAE3, STM32MP135CAF3, STM32MP135CAG3, STM32MP135DAE7, STM32MP135DAF7, STM32MP135DAG7, STM32MP135F-DK, STM32MP135FAE7, STM32MP135FAF7, STM32MP135FAF7T, STM32MP135FAF7U, STM32MP135FAG7, STM32U535CBT6, STM32U535CBT6Q, STM32U535CBU6, STM32U535CBU6Q, STM32U535CCT6, STM32U535CCT6Q, STM32U535CCU6, STM32U535CCU6Q, STM32U535CET6, STM32U535CET6Q, STM32U535CEU6, STM32U535CEU6Q, STM32U535JEY6QTR, STM32U535NCY6QTR, STM32U535NEY6QTR, STM32U535RBI6, STM32U535RBI6Q, STM32U535RBT6, STM32U535RBT6Q, STM32U535RCI6, STM32U535RCI6Q, STM32U535RCT6, STM32U535RCT6Q, STM32U535REI6, STM32U535REI6Q, STM32U535RET6, STM32U535RET6Q, STM32U535VCI6, STM32U535VCI6Q, STM32U535VCT6, STM32U535VCT6Q, STM32U535VEI6, STM32U535VEI6Q, STM32U535VET6, STM32U535VET6Q, STM32U545CET6, STM32U545CET6Q, STM32U545CEU6, STM32U545CEU6Q, STM32U545JEY6QTR, STM32U545NEY6QTR, STM32U545REI6, STM32U545REI6Q, STM32U545RET6, STM32U545RET6Q, STM32U545VEI6, STM32U545VEI6Q, STM32U545VET6, STM32U545VET6Q, STM32U595AIH6, STM32U595AIH6Q, STM32U595AJH6, STM32U595AJH6Q, STM32U595QII6, STM32U595QII6Q, STM32U595QJI6, STM32U595QJI6Q, STM32U595RIT6, STM32U595RIT6Q, STM32U595RJT6, STM32U595RJT6Q, STM32U595VIT6, STM32U595VIT6Q, STM32U595VJT6, STM32U595VJT6Q, STM32U595ZIT6, STM32U595ZIT6Q, STM32U595ZIY6QTR, STM32U595ZJT6, STM32U595ZJT6Q, STM32U595ZJY6QTR, STM32U599BJY6QTR, STM32U599NIH6Q, STM32U599NJH6Q, STM32U599VIT6Q, STM32U599VJT6, STM32U599VJT6Q, STM32U599ZIT6Q, STM32U599ZIY6QTR, STM32U599ZJT6Q, STM32U599ZJY6QTR, STM32U5A5AJH6, STM32U5A5AJH6Q, STM32U5A5QJI6, STM32U5A5QJI6Q, STM32U5A5RJT6, STM32U5A5RJT6Q, STM32U5A5VJT6, STM32U5A5VJT6Q, STM32U5A5ZJT6, STM32U5A5ZJT6Q, STM32U5A5ZJY6QTR, STM32U5A9BJY6QTR, STM32U5A9J-DK, STM32U5A9NJH6Q, STM32U5A9VJT6Q, STM32U5A9ZJT6Q, STM32U5A9ZJY6QTR, STM32WB1MMCH6, STM32WBA52CEU6, STM32WBA52CEU6T, STM32WBA52CGU6, STM32WBA52CGU6T, STM32WL5MOCH6, STM32WL5MOCH6TR]
2023-05-04 17:54:17,522 [INFO] BoardInfo:880 - No configuration file found for board P-NUCLEO-WB55
2023-05-04 17:54:17,522 [INFO] DbBoards:157 - Kit is not supported: P-NUCLEO-WB55
2023-05-04 17:54:17,526 [INFO] BoardInfo:880 - No configuration file found for board STEVAL-BFA001V1B
2023-05-04 17:54:17,526 [INFO] DbBoards:157 - Kit is not supported: STEVAL-BFA001V1B
2023-05-04 17:54:17,527 [INFO] BoardInfo:880 - No configuration file found for board STEVAL-BFA001V2B
2023-05-04 17:54:17,527 [INFO] DbBoards:157 - Kit is not supported: STEVAL-BFA001V2B
2023-05-04 17:54:17,624 [INFO] DbBoards:161 - Found 187 boards, 184 are supported
2023-05-04 17:54:17,627 [INFO] ApiDb:414 - User favorites file not found: C:\Users\Hello/.stm32cubeide/favorites.boards.txt
2023-05-04 17:54:17,627 [INFO] DbBoards:190 - Set 0 / 0 favorites Boards
2023-05-04 17:54:17,632 [INFO] ApiDb:668 - CubeFinder database Data Model version=2.1
2023-05-04 17:54:17,632 [INFO] ApiDb:669 - CubeFinder database Configuration version=3.0.35
2023-05-04 17:54:17,632 [INFO] ApiDb:670 - CubeFinder database generation date=2023-04-03 (1680511692)
2023-05-04 17:54:17,632 [INFO] ApiDb:671 - CubeFinder database FW Pack versions=[FP-ATR-ASTRA1_V2.0.0, STM32Cube_FW_C0_V1.0.1, STM32Cube_FW_F0_V1.11.4, STM32Cube_FW_F3_V1.11.4, STM32Cube_FW_F4_V1.27.1, STM32Cube_FW_F7_V1.17.0, STM32Cube_FW_G0_V1.6.1, STM32Cube_FW_G4_V1.5.1, STM32Cube_FW_H5_V0.5.1, STM32Cube_FW_H5_V1.0.0, STM32Cube_FW_H7_V1.11.0, STM32Cube_FW_L0_V1.12.2, STM32Cube_FW_L5_V1.5.0, STM32Cube_FW_U5_V1.2.0, STM32Cube_FW_WBA_V1.0.0, STM32Cube_FW_WBA_V1.0.0RC1, STM32Cube_FW_WBA_V1.0.0RC3, STM32Cube_FW_WB_V1.15.0RC1, STM32Cube_FW_WB_V1.16.0, STM32Cube_FW_WB_V1.16.0RC2, STM32Cube_FW_WL_V1.3.0, X-CUBE-ALGOBUILD_V1.3.0, X-CUBE-ALS_V1.0.1, X-CUBE-AZRTOS-F4_V1.1.0, X-CUBE-AZRTOS-F7_V1.1.0, X-CUBE-AZRTOS-G0_V1.1.0, X-CUBE-AZRTOS-G4_V1.0.0, X-CUBE-AZRTOS-H7_V3.0.0, X-CUBE-AZRTOS-L4_V1.0.0, X-CUBE-AZRTOS-L5_V1.1.0, X-CUBE-AZRTOS-WB_V1.1.0, X-CUBE-AZRTOS-WL_V1.0.0, X-CUBE-BLE1_V6.2.4, X-CUBE-BLE2_V3.3.0, X-CUBE-BLEMGR_V1.3.0, X-CUBE-EEPRMA1_V4.1.0, X-CUBE-FREERTOS_V1.0.1, X-CUBE-GNSS1_V6.0.0, X-CUBE-MEMS1_V9.1.0, X-CUBE-MEMS1_V9.4.0, X-CUBE-MEMS1_V9.5.0, X-CUBE-NFC4_V3.0.0, X-CUBE-NFC7_V1.0.0, X-CUBE-SFXS2LP1_V4.0.0, X-CUBE-SUBG2_V5.0.0]
2023-05-04 17:54:18,279 [INFO] DbExamplesSqlite:376 - Ignored 46 examples not supported by CubeIDE
2023-05-04 17:54:18,280 [INFO] DbExamplesSqlite:377 - Found 7336 examples active
2023-05-04 17:54:18,280 [INFO] DbExamplesSqlite:378 - Found 1095 examples obsolete
2023-05-04 17:54:18,280 [INFO] DbExamplesSqlite:379 - Found 0 examples under development
2023-05-04 17:54:18,280 [INFO] DbExamplesSqlite:380 - Found 77 examples not building
2023-05-04 17:54:18,309 [INFO] DbExamples:125 - Found 7367 examples
2023-05-04 17:54:18,321 [INFO] DbExamples:222 - Found 92 boards with related examples
2023-05-04 17:54:18,323 [INFO] DbExamples:235 - Found 78 MCUs with related examples
2023-05-04 17:54:18,342 [INFO] ApiDb:414 - User favorites file not found: C:\Users\Hello/.stm32cubeide/favorites.examples.txt
2023-05-04 17:54:18,343 [INFO] DbExamples:250 - Set 0 / 0 favorites Examples
2023-05-04 17:54:18,537 [INFO] McuFinderGlobals:66 - Set McuFinderConnectedMode to true
2023-05-04 17:54:18,550 [INFO] MultiScanPanel:200 - Auto-refresh data requested => check proxy status ongoing
2023-05-04 17:54:18,555 [INFO] FinderPluginLoader:95 - Searching for filters in installed packs
2023-05-04 17:54:19,912 [INFO] LoadUrlFilesThread:185 - End of LoadServerUrlFiles without Thread
2023-05-04 17:54:19,922 [INFO] DetailPanel:341 - Set advertising image to C:/Users/Hello/STM32Cube/Repository/\en.prom-stm32h5-mcu-finder.jpg
2023-05-04 17:54:29,730 [INFO] McuFinderGlobals:66 - Set McuFinderConnectedMode to true
2023-05-04 17:54:30,050 [INFO] ApiDb:448 - Save user favorites file C:\Users\Hello/.stm32cubeide/favorites.mcus.txt: 0 item(s)
2023-05-04 17:54:30,050 [INFO] ApiDb:452 - User favorites MCUs=[]
